2025-05-14T00:51:04.492+0900 [DEBUG] [org.gradle.launcher.daemon.bootstrap.DaemonMain] Assuming the daemon was started with following jvm opts: [-XX:MaxMetaspaceSize=384m, -XX:+HeapDumpOnOutOfMemoryError, -Xms256m, -Xmx512m, -Dfile.encoding=UTF-8, -Duser.country=KR, -Duser.language=ko, -Duser.variant]
2025-05-14T00:51:05.400+0900 [DEBUG] [org.gradle.internal.remote.internal.inet.InetAddresses] Adding IP addresses for network interface Software Loopback Interface 1
2025-05-14T00:51:05.505+0900 [DEBUG] [org.gradle.internal.remote.internal.inet.InetAddresses] Is this a loopback interface? true
2025-05-14T00:51:05.508+0900 [DEBUG] [org.gradle.internal.remote.internal.inet.InetAddresses] Adding loopback address /127.0.0.1
2025-05-14T00:51:05.511+0900 [DEBUG] [org.gradle.internal.remote.internal.inet.InetAddresses] Adding loopback address /0:0:0:0:0:0:0:1
2025-05-14T00:51:05.513+0900 [DEBUG] [org.gradle.internal.remote.internal.inet.InetAddresses] Adding IP addresses for network interface Microsoft 6to4 Adapter
2025-05-14T00:51:05.562+0900 [DEBUG] [org.gradle.internal.remote.internal.inet.InetAddresses] Is this a loopback interface? false
2025-05-14T00:51:05.565+0900 [DEBUG] [org.gradle.internal.remote.internal.inet.InetAddresses] Adding IP addresses for network interface Bluetooth Device (Personal Area Network)
2025-05-14T00:51:05.605+0900 [DEBUG] [org.gradle.internal.remote.internal.inet.InetAddresses] Is this a loopback interface? false
2025-05-14T00:51:05.607+0900 [DEBUG] [org.gradle.internal.remote.internal.inet.InetAddresses] Adding remote address /fe80:0:0:0:c944:dd59:7552:d998%eth0
2025-05-14T00:51:05.609+0900 [DEBUG] [org.gradle.internal.remote.internal.inet.InetAddresses] Adding IP addresses for network interface Microsoft IP-HTTPS Platform Adapter
2025-05-14T00:51:05.674+0900 [DEBUG] [org.gradle.internal.remote.internal.inet.InetAddresses] Is this a loopback interface? false
2025-05-14T00:51:05.678+0900 [DEBUG] [org.gradle.internal.remote.internal.inet.InetAddresses] Adding IP addresses for network interface Microsoft Kernel Debug Network Adapter
2025-05-14T00:51:05.740+0900 [DEBUG] [org.gradle.internal.remote.internal.inet.InetAddresses] Is this a loopback interface? false
2025-05-14T00:51:05.741+0900 [DEBUG] [org.gradle.internal.remote.internal.inet.InetAddresses] Adding IP addresses for network interface WAN Miniport (PPPOE)
2025-05-14T00:51:05.785+0900 [DEBUG] [org.gradle.internal.remote.internal.inet.InetAddresses] Is this a loopback interface? false
2025-05-14T00:51:05.787+0900 [DEBUG] [org.gradle.internal.remote.internal.inet.InetAddresses] Adding IP addresses for network interface Microsoft Wi-Fi Direct Virtual Adapter #2-WFP Native MAC Layer LightWeight Filter-0000
2025-05-14T00:51:05.833+0900 [DEBUG] [org.gradle.internal.remote.internal.inet.InetAddresses] Is this a loopback interface? false
2025-05-14T00:51:05.835+0900 [DEBUG] [org.gradle.internal.remote.internal.inet.InetAddresses] Adding IP addresses for network interface WAN Miniport (L2TP)
2025-05-14T00:51:05.869+0900 [DEBUG] [org.gradle.internal.remote.internal.inet.InetAddresses] Is this a loopback interface? false
2025-05-14T00:51:05.871+0900 [DEBUG] [org.gradle.internal.remote.internal.inet.InetAddresses] Adding IP addresses for network interface Microsoft Wi-Fi Direct Virtual Adapter #2
2025-05-14T00:51:05.943+0900 [DEBUG] [org.gradle.internal.remote.internal.inet.InetAddresses] Is this a loopback interface? false
2025-05-14T00:51:05.945+0900 [DEBUG] [org.gradle.internal.remote.internal.inet.InetAddresses] Adding remote address /fe80:0:0:0:7f09:473e:4885:f6e%wlan1
2025-05-14T00:51:05.946+0900 [DEBUG] [org.gradle.internal.remote.internal.inet.InetAddresses] Adding IP addresses for network interface WAN Miniport (IKEv2)
2025-05-14T00:51:05.998+0900 [DEBUG] [org.gradle.internal.remote.internal.inet.InetAddresses] Is this a loopback interface? false
2025-05-14T00:51:05.999+0900 [DEBUG] [org.gradle.internal.remote.internal.inet.InetAddresses] Adding IP addresses for network interface Microsoft Teredo Tunneling Adapter
2025-05-14T00:51:06.046+0900 [DEBUG] [org.gradle.internal.remote.internal.inet.InetAddresses] Is this a loopback interface? false
2025-05-14T00:51:06.047+0900 [DEBUG] [org.gradle.internal.remote.internal.inet.InetAddresses] Adding IP addresses for network interface WAN Miniport (Network Monitor)
2025-05-14T00:51:06.125+0900 [DEBUG] [org.gradle.internal.remote.internal.inet.InetAddresses] Is this a loopback interface? false
2025-05-14T00:51:06.127+0900 [DEBUG] [org.gradle.internal.remote.internal.inet.InetAddresses] Adding IP addresses for network interface WAN Miniport (IPv6)
2025-05-14T00:51:06.163+0900 [DEBUG] [org.gradle.internal.remote.internal.inet.InetAddresses] Is this a loopback interface? false
2025-05-14T00:51:06.164+0900 [DEBUG] [org.gradle.internal.remote.internal.inet.InetAddresses] Adding IP addresses for network interface WAN Miniport (SSTP)
2025-05-14T00:51:06.230+0900 [DEBUG] [org.gradle.internal.remote.internal.inet.InetAddresses] Is this a loopback interface? false
2025-05-14T00:51:06.232+0900 [DEBUG] [org.gradle.internal.remote.internal.inet.InetAddresses] Adding IP addresses for network interface WAN Miniport (PPTP)
2025-05-14T00:51:06.280+0900 [DEBUG] [org.gradle.internal.remote.internal.inet.InetAddresses] Is this a loopback interface? false
2025-05-14T00:51:06.281+0900 [DEBUG] [org.gradle.internal.remote.internal.inet.InetAddresses] Adding IP addresses for network interface WAN Miniport (IP)
2025-05-14T00:51:06.352+0900 [DEBUG] [org.gradle.internal.remote.internal.inet.InetAddresses] Is this a loopback interface? false
2025-05-14T00:51:06.353+0900 [DEBUG] [org.gradle.internal.remote.internal.inet.InetAddresses] Adding IP addresses for network interface WAN Miniport (IP)-WFP Native MAC Layer LightWeight Filter-0000
2025-05-14T00:51:06.401+0900 [DEBUG] [org.gradle.internal.remote.internal.inet.InetAddresses] Is this a loopback interface? false
2025-05-14T00:51:06.402+0900 [DEBUG] [org.gradle.internal.remote.internal.inet.InetAddresses] Adding IP addresses for network interface VirtualBox Host-Only Ethernet Adapter
2025-05-14T00:51:06.471+0900 [DEBUG] [org.gradle.internal.remote.internal.inet.InetAddresses] Is this a loopback interface? false
2025-05-14T00:51:06.472+0900 [DEBUG] [org.gradle.internal.remote.internal.inet.InetAddresses] Adding remote address /192.168.56.1
2025-05-14T00:51:06.473+0900 [DEBUG] [org.gradle.internal.remote.internal.inet.InetAddresses] Adding remote address /fe80:0:0:0:be23:8814:bcd:afeb%eth6
2025-05-14T00:51:06.475+0900 [DEBUG] [org.gradle.internal.remote.internal.inet.InetAddresses] Adding IP addresses for network interface Microsoft Wi-Fi Direct Virtual Adapter
2025-05-14T00:51:06.529+0900 [DEBUG] [org.gradle.internal.remote.internal.inet.InetAddresses] Is this a loopback interface? false
2025-05-14T00:51:06.530+0900 [DEBUG] [org.gradle.internal.remote.internal.inet.InetAddresses] Adding remote address /fe80:0:0:0:ac09:20bf:576:3bbf%wlan2
2025-05-14T00:51:06.531+0900 [DEBUG] [org.gradle.internal.remote.internal.inet.InetAddresses] Adding IP addresses for network interface Intel(R) Wi-Fi 6 AX201 160MHz
2025-05-14T00:51:06.573+0900 [DEBUG] [org.gradle.internal.remote.internal.inet.InetAddresses] Is this a loopback interface? false
2025-05-14T00:51:06.575+0900 [DEBUG] [org.gradle.internal.remote.internal.inet.InetAddresses] Adding remote address /192.168.0.2
2025-05-14T00:51:06.576+0900 [DEBUG] [org.gradle.internal.remote.internal.inet.InetAddresses] Adding remote address /fe80:0:0:0:d4a8:926f:fd3f:5919%wlan3
2025-05-14T00:51:06.577+0900 [DEBUG] [org.gradle.internal.remote.internal.inet.InetAddresses] Adding IP addresses for network interface Microsoft Wi-Fi Direct Virtual Adapter #2-Native WiFi Filter Driver-0000
2025-05-14T00:51:06.615+0900 [DEBUG] [org.gradle.internal.remote.internal.inet.InetAddresses] Is this a loopback interface? false
2025-05-14T00:51:06.617+0900 [DEBUG] [org.gradle.internal.remote.internal.inet.InetAddresses] Adding IP addresses for network interface Microsoft Wi-Fi Direct Virtual Adapter #2-Nprotect Firewall Core Driver-0000
2025-05-14T00:51:06.667+0900 [DEBUG] [org.gradle.internal.remote.internal.inet.InetAddresses] Is this a loopback interface? false
2025-05-14T00:51:06.668+0900 [DEBUG] [org.gradle.internal.remote.internal.inet.InetAddresses] Adding IP addresses for network interface Microsoft Wi-Fi Direct Virtual Adapter #2-Npcap Packet Driver (NPCAP)-0000
2025-05-14T00:51:06.718+0900 [DEBUG] [org.gradle.internal.remote.internal.inet.InetAddresses] Is this a loopback interface? false
2025-05-14T00:51:06.719+0900 [DEBUG] [org.gradle.internal.remote.internal.inet.InetAddresses] Adding IP addresses for network interface Microsoft Wi-Fi Direct Virtual Adapter #2-VirtualBox NDIS Light-Weight Filter-0000
2025-05-14T00:51:06.769+0900 [DEBUG] [org.gradle.internal.remote.internal.inet.InetAddresses] Is this a loopback interface? false
2025-05-14T00:51:06.770+0900 [DEBUG] [org.gradle.internal.remote.internal.inet.InetAddresses] Adding IP addresses for network interface Microsoft Wi-Fi Direct Virtual Adapter #2-QoS Packet Scheduler-0000
2025-05-14T00:51:06.796+0900 [DEBUG] [org.gradle.internal.remote.internal.inet.InetAddresses] Is this a loopback interface? false
2025-05-14T00:51:06.797+0900 [DEBUG] [org.gradle.internal.remote.internal.inet.InetAddresses] Adding IP addresses for network interface Microsoft Wi-Fi Direct Virtual Adapter #2-WFP 802.3 MAC Layer LightWeight Filter-0000
2025-05-14T00:51:06.862+0900 [DEBUG] [org.gradle.internal.remote.internal.inet.InetAddresses] Is this a loopback interface? false
2025-05-14T00:51:06.863+0900 [DEBUG] [org.gradle.internal.remote.internal.inet.InetAddresses] Adding IP addresses for network interface VirtualBox Host-Only Ethernet Adapter-WFP Native MAC Layer LightWeight Filter-0000
2025-05-14T00:51:06.889+0900 [DEBUG] [org.gradle.internal.remote.internal.inet.InetAddresses] Is this a loopback interface? false
2025-05-14T00:51:06.891+0900 [DEBUG] [org.gradle.internal.remote.internal.inet.InetAddresses] Adding IP addresses for network interface VirtualBox Host-Only Ethernet Adapter-Nprotect Firewall Core Driver-0000
2025-05-14T00:51:06.929+0900 [DEBUG] [org.gradle.internal.remote.internal.inet.InetAddresses] Is this a loopback interface? false
2025-05-14T00:51:06.930+0900 [DEBUG] [org.gradle.internal.remote.internal.inet.InetAddresses] Adding IP addresses for network interface VirtualBox Host-Only Ethernet Adapter-Npcap Packet Driver (NPCAP)-0000
2025-05-14T00:51:06.961+0900 [DEBUG] [org.gradle.internal.remote.internal.inet.InetAddresses] Is this a loopback interface? false
2025-05-14T00:51:06.964+0900 [DEBUG] [org.gradle.internal.remote.internal.inet.InetAddresses] Adding IP addresses for network interface VirtualBox Host-Only Ethernet Adapter-QoS Packet Scheduler-0000
2025-05-14T00:51:06.993+0900 [DEBUG] [org.gradle.internal.remote.internal.inet.InetAddresses] Is this a loopback interface? false
2025-05-14T00:51:06.994+0900 [DEBUG] [org.gradle.internal.remote.internal.inet.InetAddresses] Adding IP addresses for network interface VirtualBox Host-Only Ethernet Adapter-WFP 802.3 MAC Layer LightWeight Filter-0000
2025-05-14T00:51:07.053+0900 [DEBUG] [org.gradle.internal.remote.internal.inet.InetAddresses] Is this a loopback interface? false
2025-05-14T00:51:07.054+0900 [DEBUG] [org.gradle.internal.remote.internal.inet.InetAddresses] Adding IP addresses for network interface WAN Miniport (IP)-Nprotect Firewall Core Driver-0000
2025-05-14T00:51:07.103+0900 [DEBUG] [org.gradle.internal.remote.internal.inet.InetAddresses] Is this a loopback interface? false
2025-05-14T00:51:07.104+0900 [DEBUG] [org.gradle.internal.remote.internal.inet.InetAddresses] Adding IP addresses for network interface WAN Miniport (IP)-Npcap Packet Driver (NPCAP)-0000
2025-05-14T00:51:07.150+0900 [DEBUG] [org.gradle.internal.remote.internal.inet.InetAddresses] Is this a loopback interface? false
2025-05-14T00:51:07.151+0900 [DEBUG] [org.gradle.internal.remote.internal.inet.InetAddresses] Adding IP addresses for network interface Bluetooth Device (Personal Area Network)-Npcap Packet Driver (NPCAP)-0000
2025-05-14T00:51:07.196+0900 [DEBUG] [org.gradle.internal.remote.internal.inet.InetAddresses] Is this a loopback interface? false
2025-05-14T00:51:07.197+0900 [DEBUG] [org.gradle.internal.remote.internal.inet.InetAddresses] Adding IP addresses for network interface Intel(R) Wi-Fi 6 AX201 160MHz-WFP Native MAC Layer LightWeight Filter-0000
2025-05-14T00:51:07.245+0900 [DEBUG] [org.gradle.internal.remote.internal.inet.InetAddresses] Is this a loopback interface? false
2025-05-14T00:51:07.246+0900 [DEBUG] [org.gradle.internal.remote.internal.inet.InetAddresses] Adding IP addresses for network interface Intel(R) Wi-Fi 6 AX201 160MHz-Virtual WiFi Filter Driver-0000
2025-05-14T00:51:07.274+0900 [DEBUG] [org.gradle.internal.remote.internal.inet.InetAddresses] Is this a loopback interface? false
2025-05-14T00:51:07.275+0900 [DEBUG] [org.gradle.internal.remote.internal.inet.InetAddresses] Adding IP addresses for network interface Intel(R) Wi-Fi 6 AX201 160MHz-Native WiFi Filter Driver-0000
2025-05-14T00:51:07.318+0900 [DEBUG] [org.gradle.internal.remote.internal.inet.InetAddresses] Is this a loopback interface? false
2025-05-14T00:51:07.319+0900 [DEBUG] [org.gradle.internal.remote.internal.inet.InetAddresses] Adding IP addresses for network interface Intel(R) Wi-Fi 6 AX201 160MHz-Nprotect Firewall Core Driver-0000
2025-05-14T00:51:07.354+0900 [DEBUG] [org.gradle.internal.remote.internal.inet.InetAddresses] Is this a loopback interface? false
2025-05-14T00:51:07.354+0900 [DEBUG] [org.gradle.internal.remote.internal.inet.InetAddresses] Adding IP addresses for network interface Intel(R) Wi-Fi 6 AX201 160MHz-Npcap Packet Driver (NPCAP)-0000
2025-05-14T00:51:07.407+0900 [DEBUG] [org.gradle.internal.remote.internal.inet.InetAddresses] Is this a loopback interface? false
2025-05-14T00:51:07.408+0900 [DEBUG] [org.gradle.internal.remote.internal.inet.InetAddresses] Adding IP addresses for network interface Intel(R) Wi-Fi 6 AX201 160MHz-VirtualBox NDIS Light-Weight Filter-0000
2025-05-14T00:51:07.447+0900 [DEBUG] [org.gradle.internal.remote.internal.inet.InetAddresses] Is this a loopback interface? false
2025-05-14T00:51:07.448+0900 [DEBUG] [org.gradle.internal.remote.internal.inet.InetAddresses] Adding IP addresses for network interface Intel(R) Wi-Fi 6 AX201 160MHz-QoS Packet Scheduler-0000
2025-05-14T00:51:07.479+0900 [DEBUG] [org.gradle.internal.remote.internal.inet.InetAddresses] Is this a loopback interface? false
2025-05-14T00:51:07.480+0900 [DEBUG] [org.gradle.internal.remote.internal.inet.InetAddresses] Adding IP addresses for network interface Intel(R) Wi-Fi 6 AX201 160MHz-WFP 802.3 MAC Layer LightWeight Filter-0000
2025-05-14T00:51:07.530+0900 [DEBUG] [org.gradle.internal.remote.internal.inet.InetAddresses] Is this a loopback interface? false
2025-05-14T00:51:07.530+0900 [DEBUG] [org.gradle.internal.remote.internal.inet.InetAddresses] Adding IP addresses for network interface WAN Miniport (IP)-QoS Packet Scheduler-0000
2025-05-14T00:51:07.588+0900 [DEBUG] [org.gradle.internal.remote.internal.inet.InetAddresses] Is this a loopback interface? false
2025-05-14T00:51:07.589+0900 [DEBUG] [org.gradle.internal.remote.internal.inet.InetAddresses] Adding IP addresses for network interface WAN Miniport (IPv6)-WFP Native MAC Layer LightWeight Filter-0000
2025-05-14T00:51:07.620+0900 [DEBUG] [org.gradle.internal.remote.internal.inet.InetAddresses] Is this a loopback interface? false
2025-05-14T00:51:07.620+0900 [DEBUG] [org.gradle.internal.remote.internal.inet.InetAddresses] Adding IP addresses for network interface WAN Miniport (IPv6)-Nprotect Firewall Core Driver-0000
2025-05-14T00:51:07.645+0900 [DEBUG] [org.gradle.internal.remote.internal.inet.InetAddresses] Is this a loopback interface? false
2025-05-14T00:51:07.646+0900 [DEBUG] [org.gradle.internal.remote.internal.inet.InetAddresses] Adding IP addresses for network interface WAN Miniport (IPv6)-Npcap Packet Driver (NPCAP)-0000
2025-05-14T00:51:07.666+0900 [DEBUG] [org.gradle.internal.remote.internal.inet.InetAddresses] Is this a loopback interface? false
2025-05-14T00:51:07.754+0900 [DEBUG] [org.gradle.internal.remote.internal.inet.InetAddresses] Adding IP addresses for network interface WAN Miniport (IPv6)-QoS Packet Scheduler-0000
2025-05-14T00:51:07.922+0900 [DEBUG] [org.gradle.internal.remote.internal.inet.InetAddresses] Is this a loopback interface? false
2025-05-14T00:51:07.922+0900 [DEBUG] [org.gradle.internal.remote.internal.inet.InetAddresses] Adding IP addresses for network interface WAN Miniport (Network Monitor)-WFP Native MAC Layer LightWeight Filter-0000
2025-05-14T00:51:07.942+0900 [DEBUG] [org.gradle.internal.remote.internal.inet.InetAddresses] Is this a loopback interface? false
2025-05-14T00:51:07.942+0900 [DEBUG] [org.gradle.internal.remote.internal.inet.InetAddresses] Adding IP addresses for network interface WAN Miniport (Network Monitor)-Nprotect Firewall Core Driver-0000
2025-05-14T00:51:07.965+0900 [DEBUG] [org.gradle.internal.remote.internal.inet.InetAddresses] Is this a loopback interface? false
2025-05-14T00:51:07.966+0900 [DEBUG] [org.gradle.internal.remote.internal.inet.InetAddresses] Adding IP addresses for network interface WAN Miniport (Network Monitor)-Npcap Packet Driver (NPCAP)-0000
2025-05-14T00:51:07.998+0900 [DEBUG] [org.gradle.internal.remote.internal.inet.InetAddresses] Is this a loopback interface? false
2025-05-14T00:51:07.999+0900 [DEBUG] [org.gradle.internal.remote.internal.inet.InetAddresses] Adding IP addresses for network interface WAN Miniport (Network Monitor)-QoS Packet Scheduler-0000
2025-05-14T00:51:08.026+0900 [DEBUG] [org.gradle.internal.remote.internal.inet.InetAddresses] Is this a loopback interface? false
2025-05-14T00:51:08.026+0900 [DEBUG] [org.gradle.internal.remote.internal.inet.InetAddresses] Adding IP addresses for network interface Microsoft Wi-Fi Direct Virtual Adapter-WFP Native MAC Layer LightWeight Filter-0000
2025-05-14T00:51:08.049+0900 [DEBUG] [org.gradle.internal.remote.internal.inet.InetAddresses] Is this a loopback interface? false
2025-05-14T00:51:08.049+0900 [DEBUG] [org.gradle.internal.remote.internal.inet.InetAddresses] Adding IP addresses for network interface Microsoft Wi-Fi Direct Virtual Adapter-Native WiFi Filter Driver-0000
2025-05-14T00:51:08.073+0900 [DEBUG] [org.gradle.internal.remote.internal.inet.InetAddresses] Is this a loopback interface? false
2025-05-14T00:51:08.073+0900 [DEBUG] [org.gradle.internal.remote.internal.inet.InetAddresses] Adding IP addresses for network interface Microsoft Wi-Fi Direct Virtual Adapter-Nprotect Firewall Core Driver-0000
2025-05-14T00:51:08.100+0900 [DEBUG] [org.gradle.internal.remote.internal.inet.InetAddresses] Is this a loopback interface? false
2025-05-14T00:51:08.100+0900 [DEBUG] [org.gradle.internal.remote.internal.inet.InetAddresses] Adding IP addresses for network interface Microsoft Wi-Fi Direct Virtual Adapter-Npcap Packet Driver (NPCAP)-0000
2025-05-14T00:51:08.123+0900 [DEBUG] [org.gradle.internal.remote.internal.inet.InetAddresses] Is this a loopback interface? false
2025-05-14T00:51:08.124+0900 [DEBUG] [org.gradle.internal.remote.internal.inet.InetAddresses] Adding IP addresses for network interface Microsoft Wi-Fi Direct Virtual Adapter-VirtualBox NDIS Light-Weight Filter-0000
2025-05-14T00:51:08.145+0900 [DEBUG] [org.gradle.internal.remote.internal.inet.InetAddresses] Is this a loopback interface? false
2025-05-14T00:51:08.145+0900 [DEBUG] [org.gradle.internal.remote.internal.inet.InetAddresses] Adding IP addresses for network interface Microsoft Wi-Fi Direct Virtual Adapter-QoS Packet Scheduler-0000
2025-05-14T00:51:08.167+0900 [DEBUG] [org.gradle.internal.remote.internal.inet.InetAddresses] Is this a loopback interface? false
2025-05-14T00:51:08.168+0900 [DEBUG] [org.gradle.internal.remote.internal.inet.InetAddresses] Adding IP addresses for network interface Microsoft Wi-Fi Direct Virtual Adapter-WFP 802.3 MAC Layer LightWeight Filter-0000
2025-05-14T00:51:08.191+0900 [DEBUG] [org.gradle.internal.remote.internal.inet.InetAddresses] Is this a loopback interface? false
2025-05-14T00:51:08.709+0900 [DEBUG] [org.gradle.internal.nativeintegration.services.NativeServices] Native-platform posix files integration is not available. Continuing with fallback.
2025-05-14T00:51:08.798+0900 [INFO] [org.gradle.launcher.daemon.server.Daemon] start() called on daemon - DefaultDaemonContext[uid=1a9b09a7-2c60-4c1f-b55c-595e7a431f74,javaHome=C:\Program Files\Java\jdk-17,javaVersion=17,javaVendor=Oracle Corporation,daemonRegistryDir=C:\Users\User\Desktop\Spring_Study\core\daemon,pid=24636,idleTimeout=10800000,priority=NORMAL,applyInstrumentationAgent=true,nativeServicesMode=ENABLED,daemonOpts=-XX:MaxMetaspaceSize=384m,-XX:+HeapDumpOnOutOfMemoryError,-Xms256m,-Xmx512m,-Dfile.encoding=UTF-8,-Duser.country=KR,-Duser.language=ko,-Duser.variant]
2025-05-14T00:51:09.270+0900 [DEBUG] [org.gradle.internal.remote.internal.inet.TcpIncomingConnector] Listening on [24571ed9-1eba-4b4c-9b9f-674b298b07e0 port:50999, addresses:[localhost/127.0.0.1]].
2025-05-14T00:51:09.322+0900 [DEBUG] [org.gradle.launcher.daemon.server.Daemon] Daemon starting at: Wed May 14 00:51:09 KST 2025, with address: [24571ed9-1eba-4b4c-9b9f-674b298b07e0 port:50999, addresses:[localhost/127.0.0.1]]
2025-05-14T00:51:09.323+0900 [INFO] [org.gradle.launcher.daemon.server.DaemonRegistryUpdater] Advertising the daemon address to the clients: [24571ed9-1eba-4b4c-9b9f-674b298b07e0 port:50999, addresses:[localhost/127.0.0.1]]
2025-05-14T00:51:09.324+0900 [DEBUG] [org.gradle.launcher.daemon.server.DaemonRegistryUpdater] Advertised daemon context: DefaultDaemonContext[uid=1a9b09a7-2c60-4c1f-b55c-595e7a431f74,javaHome=C:\Program Files\Java\jdk-17,javaVersion=17,javaVendor=Oracle Corporation,daemonRegistryDir=C:\Users\User\Desktop\Spring_Study\core\daemon,pid=24636,idleTimeout=10800000,priority=NORMAL,applyInstrumentationAgent=true,nativeServicesMode=ENABLED,daemonOpts=-XX:MaxMetaspaceSize=384m,-XX:+HeapDumpOnOutOfMemoryError,-Xms256m,-Xmx512m,-Dfile.encoding=UTF-8,-Duser.country=KR,-Duser.language=ko,-Duser.variant]
2025-05-14T00:51:09.333+0900 [DEBUG] [org.gradle.launcher.daemon.registry.PersistentDaemonRegistry] Storing daemon address: [24571ed9-1eba-4b4c-9b9f-674b298b07e0 port:50999, addresses:[localhost/127.0.0.1]], context: DefaultDaemonContext[uid=1a9b09a7-2c60-4c1f-b55c-595e7a431f74,javaHome=C:\Program Files\Java\jdk-17,javaVersion=17,javaVendor=Oracle Corporation,daemonRegistryDir=C:\Users\User\Desktop\Spring_Study\core\daemon,pid=24636,idleTimeout=10800000,priority=NORMAL,applyInstrumentationAgent=true,nativeServicesMode=ENABLED,daemonOpts=-XX:MaxMetaspaceSize=384m,-XX:+HeapDumpOnOutOfMemoryError,-Xms256m,-Xmx512m,-Dfile.encoding=UTF-8,-Duser.country=KR,-Duser.language=ko,-Duser.variant]
2025-05-14T00:51:09.376+0900 [DEBUG] [org.gradle.cache.internal.DefaultFileLockManager] Waiting to acquire exclusive lock on daemon addresses registry.
2025-05-14T00:51:09.409+0900 [DEBUG] [org.gradle.cache.internal.DefaultFileLockManager] Lock acquired on daemon addresses registry.
2025-05-14T00:51:09.432+0900 [DEBUG] [org.gradle.cache.internal.DefaultFileLockManager] Releasing lock on daemon addresses registry.
2025-05-14T00:51:09.436+0900 [LIFECYCLE] [org.gradle.launcher.daemon.server.Daemon] Daemon server started.
2025-05-14T00:51:09.441+0900 [DEBUG] [org.gradle.launcher.daemon.bootstrap.DaemonStartupCommunication] Completed writing the daemon greeting. Closing streams...
2025-05-14T00:51:09.472+0900 [DEBUG] [org.gradle.launcher.daemon.server.Daemon] stopOnExpiration() called on daemon
2025-05-14T00:51:09.479+0900 [DEBUG] [org.gradle.launcher.daemon.server.Daemon] awaitExpiration() called on daemon
2025-05-14T00:51:09.481+0900 [DEBUG] [org.gradle.launcher.daemon.server.DaemonStateCoordinator] daemon is running. Sleeping until state changes.
2025-05-14T00:51:09.524+0900 [DEBUG] [org.gradle.internal.remote.internal.inet.TcpIncomingConnector] Accepted connection from /127.0.0.1:51000 to /127.0.0.1:50999.
2025-05-14T00:51:09.937+0900 [DEBUG] [org.gradle.launcher.daemon.server.SynchronizedDispatchConnection] thread 22: received class org.gradle.launcher.daemon.protocol.Build
2025-05-14T00:51:09.938+0900 [DEBUG] [org.gradle.launcher.daemon.server.DefaultDaemonConnection] thread 22: Received non-IO message from client: Build{id=996b792c-8de6-46b0-895a-4658616fd7bf, currentDir=C:\Users\User\Desktop\Spring_Study\everytime}
2025-05-14T00:51:09.939+0900 [INFO] [org.gradle.launcher.daemon.server.DefaultIncomingConnectionHandler] Received command: Build{id=996b792c-8de6-46b0-895a-4658616fd7bf, currentDir=C:\Users\User\Desktop\Spring_Study\everytime}.
2025-05-14T00:51:09.940+0900 [DEBUG] [org.gradle.launcher.daemon.server.DefaultIncomingConnectionHandler] Starting executing command: Build{id=996b792c-8de6-46b0-895a-4658616fd7bf, currentDir=C:\Users\User\Desktop\Spring_Study\everytime} with connection: socket connection from /127.0.0.1:50999 to /127.0.0.1:51000.
2025-05-14T00:51:09.951+0900 [DEBUG] [org.gradle.launcher.daemon.server.DaemonStateCoordinator] Command execution: started DaemonCommandExecution[command = Build{id=996b792c-8de6-46b0-895a-4658616fd7bf, currentDir=C:\Users\User\Desktop\Spring_Study\everytime}, connection = DefaultDaemonConnection: socket connection from /127.0.0.1:50999 to /127.0.0.1:51000] after 0.011683333333333332 minutes of idle
2025-05-14T00:51:09.952+0900 [INFO] [org.gradle.launcher.daemon.server.DaemonRegistryUpdater] Marking the daemon as busy, address: [24571ed9-1eba-4b4c-9b9f-674b298b07e0 port:50999, addresses:[localhost/127.0.0.1]]
2025-05-14T00:51:09.953+0900 [DEBUG] [org.gradle.launcher.daemon.registry.PersistentDaemonRegistry] Marking busy by address: [24571ed9-1eba-4b4c-9b9f-674b298b07e0 port:50999, addresses:[localhost/127.0.0.1]]
2025-05-14T00:51:09.960+0900 [DEBUG] [org.gradle.cache.internal.DefaultFileLockManager] Waiting to acquire exclusive lock on daemon addresses registry.
2025-05-14T00:51:09.964+0900 [DEBUG] [org.gradle.cache.internal.DefaultFileLockManager] Lock acquired on daemon addresses registry.
2025-05-14T00:51:09.973+0900 [DEBUG] [org.gradle.cache.internal.DefaultFileLockManager] Releasing lock on daemon addresses registry.
2025-05-14T00:51:09.976+0900 [DEBUG] [org.gradle.launcher.daemon.server.DaemonStateCoordinator] resetting idle timer
2025-05-14T00:51:09.977+0900 [DEBUG] [org.gradle.launcher.daemon.server.DaemonStateCoordinator] daemon is running. Sleeping until state changes.
2025-05-14T00:51:09.980+0900 [INFO] [org.gradle.launcher.daemon.server.exec.StartBuildOrRespondWithBusy] Daemon is about to start building Build{id=996b792c-8de6-46b0-895a-4658616fd7bf, currentDir=C:\Users\User\Desktop\Spring_Study\everytime}. Dispatching build started information...
2025-05-14T00:51:09.981+0900 [DEBUG] [org.gradle.launcher.daemon.server.SynchronizedDispatchConnection] thread 24: dispatching org.gradle.launcher.daemon.protocol.BuildStarted@151226e9
2025-05-14T00:51:09.987+0900 [DEBUG] [org.gradle.launcher.daemon.server.exec.EstablishBuildEnvironment] Configuring env variables: [USERDOMAIN_ROAMINGPROFILE, PROCESSOR_LEVEL, SESSIONNAME, ALLUSERSPROFILE, INTEL_DEV_REDIST, PROCESSOR_ARCHITECTURE, MIC_LD_LIBRARY_PATH, PSModulePath, SystemDrive, USERNAME, ProgramFiles(x86), FPS_BROWSER_USER_PROFILE_STRING, PATHEXT, DriverData, OneDriveConsumer, TMPDIR, ProgramData, GIT_LFS_PATH, ProgramW6432, HOMEPATH, PROCESSOR_IDENTIFIER, ProgramFiles, PUBLIC, windir, =::, ZES_ENABLE_SYSMAN, LOCALAPPDATA, ChocolateyLastPathUpdate, IntelliJ IDEA, USERDOMAIN, LOGONSERVER, FPS_BROWSER_APP_PROFILE_STRING, JAVA_HOME, OneDrive, APPDATA, ChocolateyInstall, VBOX_MSI_INSTALL_PATH, CommonProgramFiles, Path, OS, COMPUTERNAME, PROCESSOR_REVISION, CLASSPATH, CommonProgramW6432, ComSpec, TEMP, EFC_15928, SystemRoot, HOMEDRIVE, USERPROFILE, TMP, CommonProgramFiles(x86), NUMBER_OF_PROCESSORS]
2025-05-14T00:51:10.010+0900 [DEBUG] [org.gradle.launcher.daemon.server.exec.LogToClient] About to start relaying all logs to the client via the connection.
2025-05-14T00:51:10.011+0900 [INFO] [org.gradle.launcher.daemon.server.exec.LogToClient] The client will now receive all logging from the daemon (pid: 24636). The daemon log file: C:\Users\User\Desktop\Spring_Study\core\daemon\8.13\daemon-24636.out.log
2025-05-14T00:51:10.015+0900 [INFO] [org.gradle.launcher.daemon.server.exec.LogAndCheckHealth] Starting build in new daemon [memory: 512 MiB]
2025-05-14T00:51:10.023+0900 [DEBUG] [org.gradle.launcher.daemon.server.exec.ExecuteBuild] The daemon has started executing the build.
2025-05-14T00:51:10.023+0900 [DEBUG] [org.gradle.launcher.daemon.server.exec.ExecuteBuild] Executing build with daemon context: DefaultDaemonContext[uid=1a9b09a7-2c60-4c1f-b55c-595e7a431f74,javaHome=C:\Program Files\Java\jdk-17,javaVersion=17,javaVendor=Oracle Corporation,daemonRegistryDir=C:\Users\User\Desktop\Spring_Study\core\daemon,pid=24636,idleTimeout=10800000,priority=NORMAL,applyInstrumentationAgent=true,nativeServicesMode=ENABLED,daemonOpts=-XX:MaxMetaspaceSize=384m,-XX:+HeapDumpOnOutOfMemoryError,-Xms256m,-Xmx512m,-Dfile.encoding=UTF-8,-Duser.country=KR,-Duser.language=ko,-Duser.variant]

BUILD SUCCESSFUL in 2m 41s
2025-05-14T00:52:53.626+0900 [DEBUG] [org.gradle.launcher.daemon.server.exec.ExecuteBuild] The daemon has finished executing the build.
2025-05-14T00:52:53.645+0900 [DEBUG] [org.gradle.launcher.daemon.server.DaemonStateCoordinator] daemon is running. Sleeping until state changes.
2025-05-14T00:52:53.647+0900 [DEBUG] [org.gradle.launcher.daemon.server.DaemonStateCoordinator] Command execution: finished waiting for DaemonCommandExecution[command = Build{id=996b792c-8de6-46b0-895a-4658616fd7bf, currentDir=C:\Users\User\Desktop\Spring_Study\everytime}, connection = DefaultDaemonConnection: socket connection from /127.0.0.1:50999 to /127.0.0.1:51000]. Result org.gradle.launcher.daemon.server.DaemonStateCoordinator@2ba1c795 with state Busy
2025-05-14T00:52:53.648+0900 [DEBUG] [org.gradle.launcher.daemon.server.DaemonStateCoordinator] Command execution: completed DaemonCommandExecution[command = Build{id=996b792c-8de6-46b0-895a-4658616fd7bf, currentDir=C:\Users\User\Desktop\Spring_Study\everytime}, connection = DefaultDaemonConnection: socket connection from /127.0.0.1:50999 to /127.0.0.1:51000]
2025-05-14T00:52:53.648+0900 [DEBUG] [org.gradle.launcher.daemon.server.DaemonStateCoordinator] resetting idle timer
2025-05-14T00:52:53.649+0900 [INFO] [org.gradle.launcher.daemon.server.DaemonRegistryUpdater] Marking the daemon as idle, address: [24571ed9-1eba-4b4c-9b9f-674b298b07e0 port:50999, addresses:[localhost/127.0.0.1]]
2025-05-14T00:52:53.650+0900 [DEBUG] [org.gradle.launcher.daemon.registry.PersistentDaemonRegistry] Marking busy by address: [24571ed9-1eba-4b4c-9b9f-674b298b07e0 port:50999, addresses:[localhost/127.0.0.1]]
2025-05-14T00:52:53.656+0900 [DEBUG] [org.gradle.cache.internal.DefaultFileLockManager] Waiting to acquire exclusive lock on daemon addresses registry.
2025-05-14T00:52:53.665+0900 [DEBUG] [org.gradle.cache.internal.DefaultFileLockManager] Lock acquired on daemon addresses registry.
2025-05-14T00:52:53.689+0900 [DEBUG] [org.gradle.cache.internal.DefaultFileLockManager] Releasing lock on daemon addresses registry.
2025-05-14T00:52:53.691+0900 [DEBUG] [org.gradle.launcher.daemon.server.DaemonStateCoordinator] daemon is running. Sleeping until state changes.
2025-05-14T00:52:53.691+0900 [DEBUG] [org.gradle.launcher.daemon.server.exec.ReturnResult] Daemon is dispatching the build result: Success[value=org.gradle.launcher.exec.BuildActionResult@35b7c309]
2025-05-14T00:52:53.692+0900 [DEBUG] [org.gradle.launcher.daemon.server.SynchronizedDispatchConnection] thread 21: dispatching Success[value=org.gradle.launcher.exec.BuildActionResult@35b7c309]
2025-05-14T00:52:53.695+0900 [DEBUG] [org.gradle.launcher.daemon.server.SynchronizedDispatchConnection] thread 22: received class org.gradle.launcher.daemon.protocol.CloseInput
2025-05-14T00:52:53.696+0900 [DEBUG] [org.gradle.launcher.daemon.server.DefaultDaemonConnection] thread 22: Received IO message from client: org.gradle.launcher.daemon.protocol.CloseInput@222c91ca
2025-05-14T00:52:53.697+0900 [DEBUG] [org.gradle.launcher.daemon.server.SynchronizedDispatchConnection] thread 22: received class org.gradle.launcher.daemon.protocol.Finished
2025-05-14T00:52:53.697+0900 [DEBUG] [org.gradle.launcher.daemon.server.DefaultDaemonConnection] thread 22: Received non-IO message from client: org.gradle.launcher.daemon.protocol.Finished@5bd333e9
2025-05-14T00:52:53.698+0900 [DEBUG] [org.gradle.internal.remote.internal.inet.SocketConnection] Discarding EOFException: java.io.EOFException
2025-05-14T00:52:53.698+0900 [DEBUG] [org.gradle.launcher.daemon.server.DefaultIncomingConnectionHandler] Finishing executing command: Build{id=996b792c-8de6-46b0-895a-4658616fd7bf, currentDir=C:\Users\User\Desktop\Spring_Study\everytime}
2025-05-14T00:52:53.699+0900 [DEBUG] [org.gradle.launcher.daemon.server.SynchronizedDispatchConnection] thread 22: received null
2025-05-14T00:52:53.700+0900 [DEBUG] [org.gradle.launcher.daemon.server.DefaultIncomingConnectionHandler] Received finished message: org.gradle.launcher.daemon.protocol.Finished@5bd333e9
2025-05-14T00:52:53.700+0900 [DEBUG] [org.gradle.launcher.daemon.server.DefaultDaemonConnection] thread 22: Received end-of-input from client.
2025-05-14T00:52:53.701+0900 [DEBUG] [org.gradle.launcher.daemon.server.SynchronizedDispatchConnection] thread 21: stopping connection
2025-05-14T00:52:53.703+0900 [DEBUG] [org.gradle.launcher.daemon.server.SynchronizedDispatchConnection] thread 21: stopping connection
2025-05-14T00:52:53.704+0900 [DEBUG] [org.gradle.launcher.daemon.server.exec.CleanUpVirtualFileSystemAfterBuild] Cleaning virtual file system after build finished
2025-05-14T00:52:56.155+0900 [DEBUG] [org.gradle.process.internal.health.memory.DefaultMemoryManager] 838216499 physical memory requested, 303955968 free
2025-05-14T00:52:56.156+0900 [DEBUG] [org.gradle.workers.internal.WorkerDaemonExpiration] Will attempt to release 799 of memory
2025-05-14T00:52:56.157+0900 [DEBUG] [org.gradle.process.internal.health.memory.DefaultMemoryManager] 838216499 physical memory requested, 0 released, 303955968 free
2025-05-14T00:52:59.604+0900 [DEBUG] [org.gradle.cache.internal.DefaultFileLockManager] Waiting to acquire shared lock on daemon addresses registry.
2025-05-14T00:52:59.772+0900 [DEBUG] [org.gradle.cache.internal.DefaultFileLockManager] Lock acquired on daemon addresses registry.
2025-05-14T00:52:59.811+0900 [DEBUG] [org.gradle.cache.internal.DefaultFileLockManager] Releasing lock on daemon addresses registry.
2025-05-14T00:52:59.822+0900 [DEBUG] [org.gradle.cache.internal.DefaultFileLockManager] Waiting to acquire shared lock on daemon addresses registry.
2025-05-14T00:52:59.827+0900 [DEBUG] [org.gradle.cache.internal.DefaultFileLockManager] Lock acquired on daemon addresses registry.
2025-05-14T00:52:59.832+0900 [DEBUG] [org.gradle.cache.internal.DefaultFileLockManager] Releasing lock on daemon addresses registry.
2025-05-14T00:53:00.347+0900 [DEBUG] [org.gradle.cache.internal.locklistener.DefaultFileLockCommunicator] Confirming unlock request to Gradle process at port 50336 for lock with id 6503145683165271772.
2025-05-14T00:53:00.355+0900 [DEBUG] [org.gradle.cache.internal.LockOnDemandCrossProcessCacheAccess] Lock on journal cache (C:\Users\User\Desktop\Spring_Study\core\caches\journal-1) requested by another process - releasing lock.
2025-05-14T00:53:00.356+0900 [DEBUG] [org.gradle.cache.internal.LockOnDemandCrossProcessCacheAccess] Releasing file lock for journal cache (C:\Users\User\Desktop\Spring_Study\core\caches\journal-1)
2025-05-14T00:53:00.357+0900 [DEBUG] [org.gradle.cache.internal.btree.BTreePersistentIndexedCache] Closing cache file-access.bin (C:\Users\User\Desktop\Spring_Study\core\caches\journal-1\file-access.bin)
2025-05-14T00:53:00.358+0900 [DEBUG] [org.gradle.cache.internal.DefaultFileLockManager] Releasing lock on journal cache (C:\Users\User\Desktop\Spring_Study\core\caches\journal-1).
2025-05-14T00:53:00.360+0900 [DEBUG] [org.gradle.cache.internal.locklistener.DefaultFileLockCommunicator] Confirming lock release to Gradle process at port 50336 for lock with id 6503145683165271772.
2025-05-14T00:53:00.484+0900 [DEBUG] [org.gradle.cache.internal.locklistener.DefaultFileLockCommunicator] Confirming unlock request to Gradle process at port 50336 for lock with id 3081242598036214163.
2025-05-14T00:53:00.484+0900 [DEBUG] [org.gradle.cache.internal.LockOnDemandCrossProcessCacheAccess] Lock on file hash cache (C:\Users\User\Desktop\Spring_Study\core\caches\8.13\fileHashes) requested by another process - releasing lock.
2025-05-14T00:53:00.486+0900 [DEBUG] [org.gradle.cache.internal.LockOnDemandCrossProcessCacheAccess] Releasing file lock for file hash cache (C:\Users\User\Desktop\Spring_Study\core\caches\8.13\fileHashes)
2025-05-14T00:53:00.486+0900 [DEBUG] [org.gradle.cache.internal.btree.BTreePersistentIndexedCache] Closing cache fileHashes.bin (C:\Users\User\Desktop\Spring_Study\core\caches\8.13\fileHashes\fileHashes.bin)
2025-05-14T00:53:00.488+0900 [DEBUG] [org.gradle.cache.internal.btree.BTreePersistentIndexedCache] Closing cache resourceHashesCache.bin (C:\Users\User\Desktop\Spring_Study\core\caches\8.13\fileHashes\resourceHashesCache.bin)
2025-05-14T00:53:00.489+0900 [DEBUG] [org.gradle.cache.internal.DefaultFileLockManager] Releasing lock on file hash cache (C:\Users\User\Desktop\Spring_Study\core\caches\8.13\fileHashes).
2025-05-14T00:53:00.490+0900 [DEBUG] [org.gradle.cache.internal.locklistener.DefaultFileLockCommunicator] Confirming lock release to Gradle process at port 50336 for lock with id 3081242598036214163.
2025-05-14T00:53:01.135+0900 [DEBUG] [org.gradle.process.internal.health.memory.DefaultMemoryManager] 838216499 physical memory requested, 236531712 free
2025-05-14T00:53:01.138+0900 [DEBUG] [org.gradle.workers.internal.WorkerDaemonExpiration] Will attempt to release 799 of memory
2025-05-14T00:53:01.139+0900 [DEBUG] [org.gradle.process.internal.health.memory.DefaultMemoryManager] 838216499 physical memory requested, 0 released, 236531712 free
2025-05-14T00:53:06.186+0900 [DEBUG] [org.gradle.process.internal.health.memory.DefaultMemoryManager] 838216499 physical memory requested, 232087552 free
2025-05-14T00:53:06.195+0900 [DEBUG] [org.gradle.workers.internal.WorkerDaemonExpiration] Will attempt to release 799 of memory
2025-05-14T00:53:06.216+0900 [DEBUG] [org.gradle.process.internal.health.memory.DefaultMemoryManager] 838216499 physical memory requested, 0 released, 232087552 free
2025-05-14T00:53:09.777+0900 [DEBUG] [org.gradle.cache.internal.DefaultFileLockManager] Waiting to acquire shared lock on daemon addresses registry.
2025-05-14T00:53:09.952+0900 [DEBUG] [org.gradle.cache.internal.DefaultFileLockManager] Lock acquired on daemon addresses registry.
2025-05-14T00:53:10.084+0900 [DEBUG] [org.gradle.cache.internal.DefaultFileLockManager] Releasing lock on daemon addresses registry.
2025-05-14T00:53:10.090+0900 [DEBUG] [org.gradle.cache.internal.DefaultFileLockManager] Waiting to acquire shared lock on daemon addresses registry.
2025-05-14T00:53:10.093+0900 [DEBUG] [org.gradle.cache.internal.DefaultFileLockManager] Lock acquired on daemon addresses registry.
2025-05-14T00:53:10.178+0900 [DEBUG] [org.gradle.cache.internal.DefaultFileLockManager] Releasing lock on daemon addresses registry.
2025-05-14T00:53:10.212+0900 [DEBUG] [org.gradle.cache.internal.DefaultFileLockManager] Waiting to acquire shared lock on daemon addresses registry.
2025-05-14T00:53:10.219+0900 [DEBUG] [org.gradle.cache.internal.DefaultFileLockManager] Lock acquired on daemon addresses registry.
2025-05-14T00:53:10.224+0900 [DEBUG] [org.gradle.cache.internal.DefaultFileLockManager] Releasing lock on daemon addresses registry.
2025-05-14T00:53:11.128+0900 [DEBUG] [org.gradle.process.internal.health.memory.DefaultMemoryManager] 838216499 physical memory requested, 170889216 free
2025-05-14T00:53:11.129+0900 [DEBUG] [org.gradle.workers.internal.WorkerDaemonExpiration] Will attempt to release 799 of memory
2025-05-14T00:53:11.129+0900 [DEBUG] [org.gradle.process.internal.health.memory.DefaultMemoryManager] 838216499 physical memory requested, 0 released, 170889216 free
2025-05-14T00:53:13.777+0900 [DEBUG] [org.gradle.cache.internal.locklistener.DefaultFileLockCommunicator] Confirming unlock request to Gradle process at port 50336 for lock with id -5839959135051746795.
2025-05-14T00:53:13.777+0900 [DEBUG] [org.gradle.cache.internal.LockOnDemandCrossProcessCacheAccess] Lock on jars (C:\Users\User\Desktop\Spring_Study\core\caches\jars-9) requested by another process - releasing lock.
2025-05-14T00:53:13.779+0900 [DEBUG] [org.gradle.cache.internal.LockOnDemandCrossProcessCacheAccess] Releasing file lock for jars (C:\Users\User\Desktop\Spring_Study\core\caches\jars-9)
2025-05-14T00:53:13.780+0900 [DEBUG] [org.gradle.cache.internal.DefaultFileLockManager] Releasing lock on jars (C:\Users\User\Desktop\Spring_Study\core\caches\jars-9).
2025-05-14T00:53:13.782+0900 [DEBUG] [org.gradle.cache.internal.locklistener.DefaultFileLockCommunicator] Confirming lock release to Gradle process at port 50336 for lock with id -5839959135051746795.
2025-05-14T00:53:16.172+0900 [DEBUG] [org.gradle.process.internal.health.memory.DefaultMemoryManager] 838216499 physical memory requested, 384716800 free
2025-05-14T00:53:16.173+0900 [DEBUG] [org.gradle.workers.internal.WorkerDaemonExpiration] Will attempt to release 799 of memory
2025-05-14T00:53:16.174+0900 [DEBUG] [org.gradle.process.internal.health.memory.DefaultMemoryManager] 838216499 physical memory requested, 0 released, 384716800 free
2025-05-14T00:53:19.492+0900 [DEBUG] [org.gradle.cache.internal.DefaultFileLockManager] Waiting to acquire shared lock on daemon addresses registry.
2025-05-14T00:53:19.495+0900 [DEBUG] [org.gradle.cache.internal.DefaultFileLockManager] Lock acquired on daemon addresses registry.
2025-05-14T00:53:19.499+0900 [DEBUG] [org.gradle.cache.internal.DefaultFileLockManager] Releasing lock on daemon addresses registry.
2025-05-14T00:53:19.510+0900 [DEBUG] [org.gradle.cache.internal.DefaultFileLockManager] Waiting to acquire shared lock on daemon addresses registry.
2025-05-14T00:53:19.512+0900 [DEBUG] [org.gradle.cache.internal.DefaultFileLockManager] Lock acquired on daemon addresses registry.
2025-05-14T00:53:19.518+0900 [DEBUG] [org.gradle.cache.internal.DefaultFileLockManager] Releasing lock on daemon addresses registry.
2025-05-14T00:53:19.526+0900 [DEBUG] [org.gradle.cache.internal.DefaultFileLockManager] Waiting to acquire shared lock on daemon addresses registry.
2025-05-14T00:53:19.529+0900 [DEBUG] [org.gradle.cache.internal.DefaultFileLockManager] Lock acquired on daemon addresses registry.
2025-05-14T00:53:19.533+0900 [DEBUG] [org.gradle.cache.internal.DefaultFileLockManager] Releasing lock on daemon addresses registry.
2025-05-14T00:53:20.510+0900 [DEBUG] [org.gradle.cache.internal.locklistener.DefaultFileLockCommunicator] Confirming unlock request to Gradle process at port 50336 for lock with id -7002410940901819527.
2025-05-14T00:53:20.510+0900 [DEBUG] [org.gradle.cache.internal.LockOnDemandCrossProcessCacheAccess] Lock on file content cache (C:\Users\User\Desktop\Spring_Study\core\caches\8.13\fileContent) requested by another process - releasing lock.
2025-05-14T00:53:20.513+0900 [DEBUG] [org.gradle.cache.internal.LockOnDemandCrossProcessCacheAccess] Releasing file lock for file content cache (C:\Users\User\Desktop\Spring_Study\core\caches\8.13\fileContent)
2025-05-14T00:53:20.513+0900 [DEBUG] [org.gradle.cache.internal.DefaultFileLockManager] Releasing lock on file content cache (C:\Users\User\Desktop\Spring_Study\core\caches\8.13\fileContent).
2025-05-14T00:53:20.515+0900 [DEBUG] [org.gradle.cache.internal.locklistener.DefaultFileLockCommunicator] Confirming lock release to Gradle process at port 50336 for lock with id -7002410940901819527.
2025-05-14T00:53:21.131+0900 [DEBUG] [org.gradle.process.internal.health.memory.DefaultMemoryManager] 838216499 physical memory requested, 319713280 free
2025-05-14T00:53:21.131+0900 [DEBUG] [org.gradle.workers.internal.WorkerDaemonExpiration] Will attempt to release 799 of memory
2025-05-14T00:53:21.132+0900 [DEBUG] [org.gradle.process.internal.health.memory.DefaultMemoryManager] 838216499 physical memory requested, 0 released, 319713280 free
2025-05-14T00:53:26.126+0900 [DEBUG] [org.gradle.process.internal.health.memory.DefaultMemoryManager] 838216499 physical memory requested, 359882752 free
2025-05-14T00:53:26.128+0900 [DEBUG] [org.gradle.workers.internal.WorkerDaemonExpiration] Will attempt to release 799 of memory
2025-05-14T00:53:26.132+0900 [DEBUG] [org.gradle.process.internal.health.memory.DefaultMemoryManager] 838216499 physical memory requested, 0 released, 359882752 free
2025-05-14T00:53:29.497+0900 [DEBUG] [org.gradle.cache.internal.DefaultFileLockManager] Waiting to acquire shared lock on daemon addresses registry.
2025-05-14T00:53:29.499+0900 [DEBUG] [org.gradle.cache.internal.DefaultFileLockManager] Lock acquired on daemon addresses registry.
2025-05-14T00:53:29.522+0900 [DEBUG] [org.gradle.cache.internal.DefaultFileLockManager] Releasing lock on daemon addresses registry.
2025-05-14T00:53:29.530+0900 [DEBUG] [org.gradle.cache.internal.DefaultFileLockManager] Waiting to acquire shared lock on daemon addresses registry.
2025-05-14T00:53:29.532+0900 [DEBUG] [org.gradle.cache.internal.DefaultFileLockManager] Lock acquired on daemon addresses registry.
2025-05-14T00:53:29.535+0900 [DEBUG] [org.gradle.cache.internal.DefaultFileLockManager] Releasing lock on daemon addresses registry.
2025-05-14T00:53:29.573+0900 [DEBUG] [org.gradle.cache.internal.DefaultFileLockManager] Waiting to acquire shared lock on daemon addresses registry.
2025-05-14T00:53:29.585+0900 [DEBUG] [org.gradle.cache.internal.DefaultFileLockManager] Lock acquired on daemon addresses registry.
2025-05-14T00:53:29.894+0900 [DEBUG] [org.gradle.cache.internal.DefaultFileLockManager] Releasing lock on daemon addresses registry.
2025-05-14T00:53:31.132+0900 [DEBUG] [org.gradle.process.internal.health.memory.DefaultMemoryManager] 838216499 physical memory requested, 278163456 free
2025-05-14T00:53:31.133+0900 [DEBUG] [org.gradle.workers.internal.WorkerDaemonExpiration] Will attempt to release 799 of memory
2025-05-14T00:53:31.134+0900 [DEBUG] [org.gradle.process.internal.health.memory.DefaultMemoryManager] 838216499 physical memory requested, 0 released, 278163456 free
2025-05-14T00:53:34.946+0900 [DEBUG] [org.gradle.cache.internal.locklistener.DefaultFileLockCommunicator] Confirming unlock request to Gradle process at port 50336 for lock with id 3658309284115480774.
2025-05-14T00:53:34.946+0900 [DEBUG] [org.gradle.cache.internal.LockOnDemandCrossProcessCacheAccess] Lock on artifact cache (C:\Users\User\Desktop\Spring_Study\core\caches\modules-2) requested by another process - releasing lock.
2025-05-14T00:53:34.947+0900 [DEBUG] [org.gradle.cache.internal.LockOnDemandCrossProcessCacheAccess] Releasing file lock for artifact cache (C:\Users\User\Desktop\Spring_Study\core\caches\modules-2)
2025-05-14T00:53:34.948+0900 [DEBUG] [org.gradle.cache.internal.btree.BTreePersistentIndexedCache] Closing cache module-artifact.bin (C:\Users\User\Desktop\Spring_Study\core\caches\modules-2\metadata-2.107\module-artifact.bin)
2025-05-14T00:53:34.949+0900 [DEBUG] [org.gradle.cache.internal.btree.BTreePersistentIndexedCache] Closing cache module-metadata.bin (C:\Users\User\Desktop\Spring_Study\core\caches\modules-2\metadata-2.107\module-metadata.bin)
2025-05-14T00:53:34.950+0900 [DEBUG] [org.gradle.cache.internal.btree.BTreePersistentIndexedCache] Closing cache resource-at-url.bin (C:\Users\User\Desktop\Spring_Study\core\caches\modules-2\metadata-2.107\resource-at-url.bin)
2025-05-14T00:53:34.951+0900 [DEBUG] [org.gradle.cache.internal.DefaultFileLockManager] Releasing lock on artifact cache (C:\Users\User\Desktop\Spring_Study\core\caches\modules-2).
2025-05-14T00:53:34.953+0900 [DEBUG] [org.gradle.cache.internal.locklistener.DefaultFileLockCommunicator] Confirming lock release to Gradle process at port 50336 for lock with id 3658309284115480774.
2025-05-14T00:53:36.377+0900 [DEBUG] [org.gradle.process.internal.health.memory.DefaultMemoryManager] 838216499 physical memory requested, 264404992 free
2025-05-14T00:53:36.381+0900 [DEBUG] [org.gradle.workers.internal.WorkerDaemonExpiration] Will attempt to release 799 of memory
2025-05-14T00:53:36.381+0900 [DEBUG] [org.gradle.process.internal.health.memory.DefaultMemoryManager] 838216499 physical memory requested, 0 released, 264404992 free
2025-05-14T00:53:39.494+0900 [DEBUG] [org.gradle.cache.internal.DefaultFileLockManager] Waiting to acquire shared lock on daemon addresses registry.
2025-05-14T00:53:39.496+0900 [DEBUG] [org.gradle.cache.internal.DefaultFileLockManager] Lock acquired on daemon addresses registry.
2025-05-14T00:53:39.501+0900 [DEBUG] [org.gradle.cache.internal.DefaultFileLockManager] Releasing lock on daemon addresses registry.
2025-05-14T00:53:39.509+0900 [DEBUG] [org.gradle.cache.internal.DefaultFileLockManager] Waiting to acquire shared lock on daemon addresses registry.
2025-05-14T00:53:39.511+0900 [DEBUG] [org.gradle.cache.internal.DefaultFileLockManager] Lock acquired on daemon addresses registry.
2025-05-14T00:53:39.515+0900 [DEBUG] [org.gradle.cache.internal.DefaultFileLockManager] Releasing lock on daemon addresses registry.
2025-05-14T00:53:39.542+0900 [DEBUG] [org.gradle.cache.internal.DefaultFileLockManager] Waiting to acquire shared lock on daemon addresses registry.
2025-05-14T00:53:39.680+0900 [DEBUG] [org.gradle.cache.internal.DefaultFileLockManager] Lock acquired on daemon addresses registry.
2025-05-14T00:53:39.742+0900 [DEBUG] [org.gradle.cache.internal.DefaultFileLockManager] Releasing lock on daemon addresses registry.
2025-05-14T00:53:41.129+0900 [DEBUG] [org.gradle.process.internal.health.memory.DefaultMemoryManager] 838216499 physical memory requested, 228765696 free
2025-05-14T00:53:41.130+0900 [DEBUG] [org.gradle.workers.internal.WorkerDaemonExpiration] Will attempt to release 799 of memory
2025-05-14T00:53:41.131+0900 [DEBUG] [org.gradle.process.internal.health.memory.DefaultMemoryManager] 838216499 physical memory requested, 0 released, 228765696 free
2025-05-14T00:53:46.158+0900 [DEBUG] [org.gradle.process.internal.health.memory.DefaultMemoryManager] 838216499 physical memory requested, 253050880 free
2025-05-14T00:53:46.160+0900 [DEBUG] [org.gradle.workers.internal.WorkerDaemonExpiration] Will attempt to release 799 of memory
2025-05-14T00:53:46.160+0900 [DEBUG] [org.gradle.process.internal.health.memory.DefaultMemoryManager] 838216499 physical memory requested, 0 released, 253050880 free
2025-05-14T00:53:49.518+0900 [DEBUG] [org.gradle.cache.internal.DefaultFileLockManager] Waiting to acquire shared lock on daemon addresses registry.
2025-05-14T00:53:49.528+0900 [DEBUG] [org.gradle.cache.internal.DefaultFileLockManager] Lock acquired on daemon addresses registry.
2025-05-14T00:53:49.538+0900 [DEBUG] [org.gradle.cache.internal.DefaultFileLockManager] Releasing lock on daemon addresses registry.
2025-05-14T00:53:49.557+0900 [DEBUG] [org.gradle.cache.internal.DefaultFileLockManager] Waiting to acquire shared lock on daemon addresses registry.
2025-05-14T00:53:49.561+0900 [DEBUG] [org.gradle.cache.internal.DefaultFileLockManager] Lock acquired on daemon addresses registry.
2025-05-14T00:53:49.569+0900 [DEBUG] [org.gradle.cache.internal.DefaultFileLockManager] Releasing lock on daemon addresses registry.
2025-05-14T00:53:49.577+0900 [DEBUG] [org.gradle.cache.internal.DefaultFileLockManager] Waiting to acquire shared lock on daemon addresses registry.
2025-05-14T00:53:49.639+0900 [DEBUG] [org.gradle.cache.internal.DefaultFileLockManager] Lock acquired on daemon addresses registry.
2025-05-14T00:53:49.709+0900 [DEBUG] [org.gradle.cache.internal.DefaultFileLockManager] Releasing lock on daemon addresses registry.
2025-05-14T00:53:51.151+0900 [DEBUG] [org.gradle.process.internal.health.memory.DefaultMemoryManager] 838216499 physical memory requested, 198447104 free
2025-05-14T00:53:51.152+0900 [DEBUG] [org.gradle.workers.internal.WorkerDaemonExpiration] Will attempt to release 799 of memory
2025-05-14T00:53:51.153+0900 [DEBUG] [org.gradle.process.internal.health.memory.DefaultMemoryManager] 838216499 physical memory requested, 0 released, 198447104 free
2025-05-14T00:53:56.151+0900 [DEBUG] [org.gradle.process.internal.health.memory.DefaultMemoryManager] 838216499 physical memory requested, 192819200 free
2025-05-14T00:53:56.210+0900 [DEBUG] [org.gradle.workers.internal.WorkerDaemonExpiration] Will attempt to release 799 of memory
2025-05-14T00:53:56.214+0900 [DEBUG] [org.gradle.process.internal.health.memory.DefaultMemoryManager] 838216499 physical memory requested, 0 released, 192819200 free
2025-05-14T00:53:59.520+0900 [DEBUG] [org.gradle.cache.internal.DefaultFileLockManager] Waiting to acquire shared lock on daemon addresses registry.
2025-05-14T00:53:59.537+0900 [DEBUG] [org.gradle.cache.internal.DefaultFileLockManager] Lock acquired on daemon addresses registry.
2025-05-14T00:53:59.546+0900 [DEBUG] [org.gradle.cache.internal.DefaultFileLockManager] Releasing lock on daemon addresses registry.
2025-05-14T00:53:59.562+0900 [DEBUG] [org.gradle.cache.internal.DefaultFileLockManager] Waiting to acquire shared lock on daemon addresses registry.
2025-05-14T00:53:59.564+0900 [DEBUG] [org.gradle.cache.internal.DefaultFileLockManager] Lock acquired on daemon addresses registry.
2025-05-14T00:53:59.572+0900 [DEBUG] [org.gradle.cache.internal.DefaultFileLockManager] Releasing lock on daemon addresses registry.
2025-05-14T00:53:59.593+0900 [DEBUG] [org.gradle.cache.internal.DefaultFileLockManager] Waiting to acquire shared lock on daemon addresses registry.
2025-05-14T00:53:59.607+0900 [DEBUG] [org.gradle.cache.internal.DefaultFileLockManager] Lock acquired on daemon addresses registry.
2025-05-14T00:53:59.611+0900 [DEBUG] [org.gradle.cache.internal.DefaultFileLockManager] Releasing lock on daemon addresses registry.
2025-05-14T00:54:01.126+0900 [DEBUG] [org.gradle.process.internal.health.memory.DefaultMemoryManager] 838216499 physical memory requested, 211165184 free
2025-05-14T00:54:01.126+0900 [DEBUG] [org.gradle.workers.internal.WorkerDaemonExpiration] Will attempt to release 799 of memory
2025-05-14T00:54:01.127+0900 [DEBUG] [org.gradle.process.internal.health.memory.DefaultMemoryManager] 838216499 physical memory requested, 0 released, 211165184 free
2025-05-14T00:54:06.140+0900 [DEBUG] [org.gradle.process.internal.health.memory.DefaultMemoryManager] 838216499 physical memory requested, 227553280 free
2025-05-14T00:54:06.141+0900 [DEBUG] [org.gradle.workers.internal.WorkerDaemonExpiration] Will attempt to release 799 of memory
2025-05-14T00:54:06.142+0900 [DEBUG] [org.gradle.process.internal.health.memory.DefaultMemoryManager] 838216499 physical memory requested, 0 released, 227553280 free
2025-05-14T00:54:09.543+0900 [DEBUG] [org.gradle.cache.internal.DefaultFileLockManager] Waiting to acquire shared lock on daemon addresses registry.
2025-05-14T00:54:09.585+0900 [DEBUG] [org.gradle.cache.internal.DefaultFileLockManager] Lock acquired on daemon addresses registry.
2025-05-14T00:54:09.625+0900 [DEBUG] [org.gradle.cache.internal.DefaultFileLockManager] Releasing lock on daemon addresses registry.
2025-05-14T00:54:09.639+0900 [DEBUG] [org.gradle.cache.internal.DefaultFileLockManager] Waiting to acquire shared lock on daemon addresses registry.
2025-05-14T00:54:09.649+0900 [DEBUG] [org.gradle.cache.internal.DefaultFileLockManager] Lock acquired on daemon addresses registry.
2025-05-14T00:54:09.659+0900 [DEBUG] [org.gradle.cache.internal.DefaultFileLockManager] Releasing lock on daemon addresses registry.
2025-05-14T00:54:09.668+0900 [DEBUG] [org.gradle.cache.internal.DefaultFileLockManager] Waiting to acquire shared lock on daemon addresses registry.
2025-05-14T00:54:09.670+0900 [DEBUG] [org.gradle.cache.internal.DefaultFileLockManager] Lock acquired on daemon addresses registry.
2025-05-14T00:54:09.675+0900 [DEBUG] [org.gradle.cache.internal.DefaultFileLockManager] Releasing lock on daemon addresses registry.
2025-05-14T00:54:11.165+0900 [DEBUG] [org.gradle.process.internal.health.memory.DefaultMemoryManager] 838216499 physical memory requested, 269762560 free
2025-05-14T00:54:11.166+0900 [DEBUG] [org.gradle.workers.internal.WorkerDaemonExpiration] Will attempt to release 799 of memory
2025-05-14T00:54:11.166+0900 [DEBUG] [org.gradle.process.internal.health.memory.DefaultMemoryManager] 838216499 physical memory requested, 0 released, 269762560 free
2025-05-14T00:54:16.127+0900 [DEBUG] [org.gradle.process.internal.health.memory.DefaultMemoryManager] 838216499 physical memory requested, 247644160 free
2025-05-14T00:54:16.127+0900 [DEBUG] [org.gradle.workers.internal.WorkerDaemonExpiration] Will attempt to release 799 of memory
2025-05-14T00:54:16.128+0900 [DEBUG] [org.gradle.process.internal.health.memory.DefaultMemoryManager] 838216499 physical memory requested, 0 released, 247644160 free
2025-05-14T00:54:19.660+0900 [DEBUG] [org.gradle.cache.internal.DefaultFileLockManager] Waiting to acquire shared lock on daemon addresses registry.
2025-05-14T00:54:19.721+0900 [DEBUG] [org.gradle.cache.internal.DefaultFileLockManager] Lock acquired on daemon addresses registry.
2025-05-14T00:54:19.726+0900 [DEBUG] [org.gradle.cache.internal.DefaultFileLockManager] Releasing lock on daemon addresses registry.
2025-05-14T00:54:19.738+0900 [DEBUG] [org.gradle.cache.internal.DefaultFileLockManager] Waiting to acquire shared lock on daemon addresses registry.
2025-05-14T00:54:19.766+0900 [DEBUG] [org.gradle.cache.internal.DefaultFileLockManager] Lock acquired on daemon addresses registry.
2025-05-14T00:54:19.782+0900 [DEBUG] [org.gradle.cache.internal.DefaultFileLockManager] Releasing lock on daemon addresses registry.
2025-05-14T00:54:19.797+0900 [DEBUG] [org.gradle.cache.internal.DefaultFileLockManager] Waiting to acquire shared lock on daemon addresses registry.
2025-05-14T00:54:19.802+0900 [DEBUG] [org.gradle.cache.internal.DefaultFileLockManager] Lock acquired on daemon addresses registry.
2025-05-14T00:54:19.812+0900 [DEBUG] [org.gradle.cache.internal.DefaultFileLockManager] Releasing lock on daemon addresses registry.
2025-05-14T00:54:19.814+0900 [INFO] [org.gradle.launcher.daemon.server.health.LowMemoryDaemonExpirationStrategy] after free system physical memory (236.1 MiB) fell below threshold of 399.6 MiB
2025-05-14T00:54:19.823+0900 [DEBUG] [org.gradle.cache.internal.DefaultFileLockManager] Waiting to acquire shared lock on daemon addresses registry.
2025-05-14T00:54:19.826+0900 [DEBUG] [org.gradle.cache.internal.DefaultFileLockManager] Lock acquired on daemon addresses registry.
2025-05-14T00:54:19.889+0900 [DEBUG] [org.gradle.cache.internal.DefaultFileLockManager] Releasing lock on daemon addresses registry.
2025-05-14T00:54:19.891+0900 [DEBUG] [org.gradle.launcher.daemon.server.DaemonRegistryUpdater] Storing daemon stop event: other compatible daemons were started and after being idle for 1 minutes and not recently used and after being idle for 1 minutes and not recently used and to reclaim system physical memory
2025-05-14T00:54:19.896+0900 [DEBUG] [org.gradle.launcher.daemon.registry.PersistentDaemonRegistry] Storing daemon stop event with timestamp 1747151659892
2025-05-14T00:54:19.905+0900 [DEBUG] [org.gradle.cache.internal.DefaultFileLockManager] Waiting to acquire exclusive lock on daemon addresses registry.
2025-05-14T00:54:19.912+0900 [DEBUG] [org.gradle.cache.internal.DefaultFileLockManager] Lock acquired on daemon addresses registry.
2025-05-14T00:54:19.928+0900 [DEBUG] [org.gradle.cache.internal.DefaultFileLockManager] Releasing lock on daemon addresses registry.
2025-05-14T00:54:19.931+0900 [LIFECYCLE] [org.gradle.launcher.daemon.server.DaemonStateCoordinator] Daemon will be stopped at the end of the build other compatible daemons were started and after being idle for 1 minutes and not recently used and after being idle for 1 minutes and not recently used and to reclaim system physical memory
2025-05-14T00:54:19.932+0900 [DEBUG] [org.gradle.launcher.daemon.server.DaemonStateCoordinator] Marking daemon stopped due to other compatible daemons were started and after being idle for 1 minutes and not recently used and after being idle for 1 minutes and not recently used and to reclaim system physical memory. The daemon is not running a build
2025-05-14T00:54:19.936+0900 [DEBUG] [org.gradle.launcher.daemon.server.DaemonStateCoordinator] daemon has stopped.
2025-05-14T00:54:19.938+0900 [DEBUG] [org.gradle.launcher.daemon.server.Daemon] stop() called on daemon
2025-05-14T00:54:19.939+0900 [INFO] [org.gradle.launcher.daemon.server.Daemon] Stop requested. Daemon is removing its presence from the registry...
2025-05-14T00:54:19.942+0900 [DEBUG] [org.gradle.launcher.daemon.server.DaemonRegistryUpdater] Removing our presence to clients, eg. removing this address from the registry: [24571ed9-1eba-4b4c-9b9f-674b298b07e0 port:50999, addresses:[localhost/127.0.0.1]]
2025-05-14T00:54:19.943+0900 [DEBUG] [org.gradle.launcher.daemon.registry.PersistentDaemonRegistry] Removing daemon address: [24571ed9-1eba-4b4c-9b9f-674b298b07e0 port:50999, addresses:[localhost/127.0.0.1]]
2025-05-14T00:54:19.983+0900 [DEBUG] [org.gradle.cache.internal.DefaultFileLockManager] Waiting to acquire exclusive lock on daemon addresses registry.
2025-05-14T00:54:20.219+0900 [DEBUG] [org.gradle.cache.internal.DefaultFileLockManager] Lock acquired on daemon addresses registry.
2025-05-14T00:54:20.450+0900 [DEBUG] [org.gradle.cache.internal.DefaultFileLockManager] Releasing lock on daemon addresses registry.
2025-05-14T00:54:20.510+0900 [DEBUG] [org.gradle.launcher.daemon.server.DaemonRegistryUpdater] Address removed from registry.
2025-05-14T00:54:20.520+0900 [DEBUG] [org.gradle.cache.internal.DefaultCacheCleanupExecutor] jars (C:\Users\User\Desktop\Spring_Study\core\caches\jars-9) has last been fully cleaned up 145 hours ago
2025-05-14T00:54:20.522+0900 [DEBUG] [org.gradle.internal.operations.DefaultBuildOperationRunner] Build operation 'Clean up jars (C:\Users\User\Desktop\Spring_Study\core\caches\jars-9)' started
2025-05-14T00:54:20.577+0900 [INFO] [org.gradle.cache.internal.AbstractCacheCleanup] jars (C:\Users\User\Desktop\Spring_Study\core\caches\jars-9) cleanup deleted 0 files/directories.
2025-05-14T00:54:20.577+0900 [INFO] [org.gradle.cache.internal.LeastRecentlyUsedCacheCleanup] jars (C:\Users\User\Desktop\Spring_Study\core\caches\jars-9) removing files not accessed on or after Wed May 07 00:54:20 KST 2025.
2025-05-14T00:54:20.583+0900 [DEBUG] [org.gradle.cache.internal.LockOnDemandCrossProcessCacheAccess] Acquiring file lock for journal cache (C:\Users\User\Desktop\Spring_Study\core\caches\journal-1)
2025-05-14T00:54:20.590+0900 [DEBUG] [org.gradle.cache.internal.DefaultFileLockManager] Waiting to acquire exclusive lock on journal cache (C:\Users\User\Desktop\Spring_Study\core\caches\journal-1).
2025-05-14T00:54:20.788+0900 [DEBUG] [org.gradle.cache.internal.DefaultFileLockManager] The file lock for journal cache (C:\Users\User\Desktop\Spring_Study\core\caches\journal-1) is held by a different Gradle process (pid: 23704, lockId: -5561244111373849569). Pinged owner at port 50336
2025-05-14T00:54:20.791+0900 [DEBUG] [org.gradle.cache.internal.locklistener.DefaultFileLockContentionHandler] Gradle process at port 50336 confirmed unlock request for lock with id -5561244111373849569.
2025-05-14T00:54:20.857+0900 [DEBUG] [org.gradle.cache.internal.locklistener.DefaultFileLockContentionHandler] Gradle process at port 50336 confirmed lock release for lock with id -5561244111373849569.
2025-05-14T00:54:20.858+0900 [DEBUG] [org.gradle.cache.internal.locklistener.DefaultFileLockContentionHandler] Triggering lock release signal for lock with id -5561244111373849569.
2025-05-14T00:54:20.931+0900 [DEBUG] [org.gradle.cache.internal.DefaultFileLockManager] Lock acquired on journal cache (C:\Users\User\Desktop\Spring_Study\core\caches\journal-1).
2025-05-14T00:54:20.931+0900 [INFO] [org.gradle.cache.internal.InMemoryDecoratedCache] Invalidating in-memory cache of C:\Users\User\Desktop\Spring_Study\core\caches\journal-1\file-access.bin
2025-05-14T00:54:20.993+0900 [DEBUG] [org.gradle.cache.internal.btree.BTreePersistentIndexedCache] Opening cache file-access.bin (C:\Users\User\Desktop\Spring_Study\core\caches\journal-1\file-access.bin)
2025-05-14T00:54:21.256+0900 [DEBUG] [org.gradle.process.internal.health.memory.DefaultMemoryManager] 838216499 physical memory requested, 239484928 free
2025-05-14T00:54:21.258+0900 [DEBUG] [org.gradle.process.internal.health.memory.DefaultMemoryManager] 838216499 physical memory requested, 0 released, 239484928 free
2025-05-14T00:54:22.480+0900 [INFO] [org.gradle.cache.internal.AbstractCacheCleanup] jars (C:\Users\User\Desktop\Spring_Study\core\caches\jars-9) cleanup deleted 1 files/directories.
2025-05-14T00:54:22.482+0900 [DEBUG] [org.gradle.internal.operations.DefaultBuildOperationRunner] Completing Build operation 'Clean up jars (C:\Users\User\Desktop\Spring_Study\core\caches\jars-9)'
2025-05-14T00:54:22.483+0900 [DEBUG] [org.gradle.internal.operations.DefaultBuildOperationRunner] Build operation 'Clean up jars (C:\Users\User\Desktop\Spring_Study\core\caches\jars-9)' completed
2025-05-14T00:54:22.486+0900 [INFO] [org.gradle.cache.internal.DefaultCacheCleanupExecutor] jars (C:\Users\User\Desktop\Spring_Study\core\caches\jars-9) cleaned up in 1.963 secs.
2025-05-14T00:54:24.268+0900 [DEBUG] [org.gradle.internal.watch.vfs.impl.WatchingVirtualFileSystem] Closing VFS, dropping state
2025-05-14T00:54:24.422+0900 [DEBUG] [org.gradle.internal.watch.registry.impl.DefaultFileWatcherRegistry] Finished listening to file system change events
2025-05-14T00:54:24.422+0900 [DEBUG] [org.gradle.cache.internal.DefaultCacheCoordinator] Cache Generated Gradle JARs cache (C:\Users\User\Desktop\Spring_Study\core\caches\8.13\generated-gradle-jars) was closed 0 times.
2025-05-14T00:54:24.425+0900 [DEBUG] [org.gradle.cache.internal.DefaultCacheCleanupExecutor] artifact cache (C:\Users\User\Desktop\Spring_Study\core\caches\modules-2) has last been fully cleaned up 145 hours ago
2025-05-14T00:54:24.426+0900 [DEBUG] [org.gradle.internal.operations.DefaultBuildOperationRunner] Build operation 'Clean up artifact cache (C:\Users\User\Desktop\Spring_Study\core\caches\modules-2)' started
2025-05-14T00:54:24.463+0900 [INFO] [org.gradle.cache.internal.AbstractCacheCleanup] artifact cache (C:\Users\User\Desktop\Spring_Study\core\caches\modules-2) cleanup deleted 0 files/directories.
2025-05-14T00:54:24.753+0900 [INFO] [org.gradle.cache.internal.AbstractCacheCleanup] artifact cache (C:\Users\User\Desktop\Spring_Study\core\caches\modules-2) [subdir: C:\Users\User\Desktop\Spring_Study\core\caches\modules-2\resources-2.1] cleanup deleted 0 files/directories.
2025-05-14T00:54:24.754+0900 [INFO] [org.gradle.cache.internal.LeastRecentlyUsedCacheCleanup] artifact cache (C:\Users\User\Desktop\Spring_Study\core\caches\modules-2) [subdir: C:\Users\User\Desktop\Spring_Study\core\caches\modules-2\resources-2.1] removing files not accessed on or after Mon Apr 14 00:54:24 KST 2025.
2025-05-14T00:54:24.755+0900 [INFO] [org.gradle.cache.internal.AbstractCacheCleanup] artifact cache (C:\Users\User\Desktop\Spring_Study\core\caches\modules-2) [subdir: C:\Users\User\Desktop\Spring_Study\core\caches\modules-2\resources-2.1] cleanup deleted 0 files/directories.
2025-05-14T00:54:24.924+0900 [INFO] [org.gradle.cache.internal.AbstractCacheCleanup] artifact cache (C:\Users\User\Desktop\Spring_Study\core\caches\modules-2) [subdir: C:\Users\User\Desktop\Spring_Study\core\caches\modules-2\files-2.1] cleanup deleted 0 files/directories.
2025-05-14T00:54:24.927+0900 [INFO] [org.gradle.cache.internal.LeastRecentlyUsedCacheCleanup] artifact cache (C:\Users\User\Desktop\Spring_Study\core\caches\modules-2) [subdir: C:\Users\User\Desktop\Spring_Study\core\caches\modules-2\files-2.1] removing files not accessed on or after Mon Apr 14 00:54:24 KST 2025.
2025-05-14T00:54:26.179+0900 [DEBUG] [org.gradle.process.internal.health.memory.DefaultMemoryManager] 838216499 physical memory requested, 215437312 free
2025-05-14T00:54:26.180+0900 [DEBUG] [org.gradle.process.internal.health.memory.DefaultMemoryManager] 838216499 physical memory requested, 0 released, 215437312 free
2025-05-14T00:54:31.245+0900 [DEBUG] [org.gradle.process.internal.health.memory.DefaultMemoryManager] 838216499 physical memory requested, 416145408 free
2025-05-14T00:54:31.245+0900 [DEBUG] [org.gradle.process.internal.health.memory.DefaultMemoryManager] 838216499 physical memory requested, 0 released, 416145408 free
2025-05-14T00:54:36.157+0900 [DEBUG] [org.gradle.process.internal.health.memory.DefaultMemoryManager] 838216499 physical memory requested, 398163968 free
2025-05-14T00:54:36.158+0900 [DEBUG] [org.gradle.process.internal.health.memory.DefaultMemoryManager] 838216499 physical memory requested, 0 released, 398163968 free
2025-05-14T00:54:39.288+0900 [DEBUG] [org.gradle.cache.internal.locklistener.DefaultFileLockCommunicator] Confirming unlock request to Gradle process at port 50336 for lock with id 4496243400866377896.
2025-05-14T00:54:39.351+0900 [DEBUG] [org.gradle.cache.internal.LockOnDemandCrossProcessCacheAccess] Lock on journal cache (C:\Users\User\Desktop\Spring_Study\core\caches\journal-1) requested by another process - lock is in use and will be released when operation completed.
2025-05-14T00:54:39.625+0900 [DEBUG] [org.gradle.cache.internal.LockOnDemandCrossProcessCacheAccess] Releasing file lock for journal cache (C:\Users\User\Desktop\Spring_Study\core\caches\journal-1)
2025-05-14T00:54:39.626+0900 [DEBUG] [org.gradle.cache.internal.btree.BTreePersistentIndexedCache] Closing cache file-access.bin (C:\Users\User\Desktop\Spring_Study\core\caches\journal-1\file-access.bin)
2025-05-14T00:54:39.628+0900 [DEBUG] [org.gradle.cache.internal.DefaultFileLockManager] Releasing lock on journal cache (C:\Users\User\Desktop\Spring_Study\core\caches\journal-1).
2025-05-14T00:54:39.629+0900 [DEBUG] [org.gradle.cache.internal.locklistener.DefaultFileLockCommunicator] Confirming lock release to Gradle process at port 50336 for lock with id 4496243400866377896.
2025-05-14T00:54:39.853+0900 [DEBUG] [org.gradle.cache.internal.LockOnDemandCrossProcessCacheAccess] Acquiring file lock for journal cache (C:\Users\User\Desktop\Spring_Study\core\caches\journal-1)
2025-05-14T00:54:39.871+0900 [DEBUG] [org.gradle.cache.internal.DefaultFileLockManager] Waiting to acquire exclusive lock on journal cache (C:\Users\User\Desktop\Spring_Study\core\caches\journal-1).
2025-05-14T00:54:40.596+0900 [DEBUG] [org.gradle.cache.internal.DefaultFileLockManager] The file lock for journal cache (C:\Users\User\Desktop\Spring_Study\core\caches\journal-1) is held by a different Gradle process (pid: 23704, lockId: 6019745143516483304). Pinged owner at port 50336
2025-05-14T00:54:40.596+0900 [DEBUG] [org.gradle.cache.internal.locklistener.DefaultFileLockContentionHandler] Gradle process at port 50336 confirmed unlock request for lock with id 6019745143516483304.
2025-05-14T00:54:40.915+0900 [DEBUG] [org.gradle.cache.internal.locklistener.DefaultFileLockContentionHandler] Gradle process at port 50336 confirmed lock release for lock with id 6019745143516483304.
2025-05-14T00:54:40.915+0900 [DEBUG] [org.gradle.cache.internal.locklistener.DefaultFileLockContentionHandler] Triggering lock release signal for lock with id 6019745143516483304.
2025-05-14T00:54:41.152+0900 [DEBUG] [org.gradle.process.internal.health.memory.DefaultMemoryManager] 838216499 physical memory requested, 340287488 free
2025-05-14T00:54:41.154+0900 [DEBUG] [org.gradle.process.internal.health.memory.DefaultMemoryManager] 838216499 physical memory requested, 0 released, 340287488 free
2025-05-14T00:54:41.225+0900 [DEBUG] [org.gradle.cache.internal.DefaultFileLockManager] Lock acquired on journal cache (C:\Users\User\Desktop\Spring_Study\core\caches\journal-1).
2025-05-14T00:54:41.226+0900 [INFO] [org.gradle.cache.internal.InMemoryDecoratedCache] Invalidating in-memory cache of C:\Users\User\Desktop\Spring_Study\core\caches\journal-1\file-access.bin
2025-05-14T00:54:41.228+0900 [DEBUG] [org.gradle.cache.internal.btree.BTreePersistentIndexedCache] Opening cache file-access.bin (C:\Users\User\Desktop\Spring_Study\core\caches\journal-1\file-access.bin)
2025-05-14T00:54:41.849+0900 [DEBUG] [org.gradle.cache.internal.LockOnDemandCrossProcessCacheAccess] Lock on journal cache (C:\Users\User\Desktop\Spring_Study\core\caches\journal-1) requested by another process - lock is in use and will be released when operation completed.
2025-05-14T00:54:41.849+0900 [DEBUG] [org.gradle.cache.internal.locklistener.DefaultFileLockCommunicator] Confirming unlock request to Gradle process at port 50336 for lock with id -3139276566746689769.
2025-05-14T00:54:42.715+0900 [DEBUG] [org.gradle.cache.internal.LockOnDemandCrossProcessCacheAccess] Releasing file lock for journal cache (C:\Users\User\Desktop\Spring_Study\core\caches\journal-1)
2025-05-14T00:54:42.720+0900 [DEBUG] [org.gradle.cache.internal.btree.BTreePersistentIndexedCache] Closing cache file-access.bin (C:\Users\User\Desktop\Spring_Study\core\caches\journal-1\file-access.bin)
2025-05-14T00:54:42.722+0900 [DEBUG] [org.gradle.cache.internal.DefaultFileLockManager] Releasing lock on journal cache (C:\Users\User\Desktop\Spring_Study\core\caches\journal-1).
2025-05-14T00:54:42.724+0900 [DEBUG] [org.gradle.cache.internal.locklistener.DefaultFileLockCommunicator] Confirming lock release to Gradle process at port 50336 for lock with id -3139276566746689769.
2025-05-14T00:54:42.893+0900 [DEBUG] [org.gradle.cache.internal.LockOnDemandCrossProcessCacheAccess] Acquiring file lock for journal cache (C:\Users\User\Desktop\Spring_Study\core\caches\journal-1)
2025-05-14T00:54:42.912+0900 [DEBUG] [org.gradle.cache.internal.DefaultFileLockManager] Waiting to acquire exclusive lock on journal cache (C:\Users\User\Desktop\Spring_Study\core\caches\journal-1).
2025-05-14T00:54:42.920+0900 [DEBUG] [org.gradle.cache.internal.DefaultFileLockManager] The file lock for journal cache (C:\Users\User\Desktop\Spring_Study\core\caches\journal-1) is held by a different Gradle process (pid: 23704, lockId: 7321309575674253949). Pinged owner at port 50336
2025-05-14T00:54:42.920+0900 [DEBUG] [org.gradle.cache.internal.locklistener.DefaultFileLockContentionHandler] Gradle process at port 50336 confirmed unlock request for lock with id 7321309575674253949.
2025-05-14T00:54:42.988+0900 [DEBUG] [org.gradle.cache.internal.locklistener.DefaultFileLockContentionHandler] Gradle process at port 50336 confirmed lock release for lock with id 7321309575674253949.
2025-05-14T00:54:42.989+0900 [DEBUG] [org.gradle.cache.internal.locklistener.DefaultFileLockContentionHandler] Triggering lock release signal for lock with id 7321309575674253949.
2025-05-14T00:54:43.278+0900 [DEBUG] [org.gradle.cache.internal.DefaultFileLockManager] Lock acquired on journal cache (C:\Users\User\Desktop\Spring_Study\core\caches\journal-1).
2025-05-14T00:54:43.279+0900 [INFO] [org.gradle.cache.internal.InMemoryDecoratedCache] Invalidating in-memory cache of C:\Users\User\Desktop\Spring_Study\core\caches\journal-1\file-access.bin
2025-05-14T00:54:43.285+0900 [DEBUG] [org.gradle.cache.internal.btree.BTreePersistentIndexedCache] Opening cache file-access.bin (C:\Users\User\Desktop\Spring_Study\core\caches\journal-1\file-access.bin)
2025-05-14T00:54:43.296+0900 [DEBUG] [org.gradle.cache.internal.locklistener.DefaultFileLockCommunicator] Confirming unlock request to Gradle process at port 50336 for lock with id -6117179252803196669.
2025-05-14T00:54:43.296+0900 [DEBUG] [org.gradle.cache.internal.LockOnDemandCrossProcessCacheAccess] Lock on journal cache (C:\Users\User\Desktop\Spring_Study\core\caches\journal-1) requested by another process - lock is in use and will be released when operation completed.
2025-05-14T00:54:45.542+0900 [DEBUG] [org.gradle.cache.internal.LockOnDemandCrossProcessCacheAccess] Releasing file lock for journal cache (C:\Users\User\Desktop\Spring_Study\core\caches\journal-1)
2025-05-14T00:54:45.543+0900 [DEBUG] [org.gradle.cache.internal.btree.BTreePersistentIndexedCache] Closing cache file-access.bin (C:\Users\User\Desktop\Spring_Study\core\caches\journal-1\file-access.bin)
2025-05-14T00:54:45.545+0900 [DEBUG] [org.gradle.cache.internal.DefaultFileLockManager] Releasing lock on journal cache (C:\Users\User\Desktop\Spring_Study\core\caches\journal-1).
2025-05-14T00:54:45.553+0900 [DEBUG] [org.gradle.cache.internal.locklistener.DefaultFileLockCommunicator] Confirming lock release to Gradle process at port 50336 for lock with id -6117179252803196669.
2025-05-14T00:54:45.554+0900 [DEBUG] [org.gradle.cache.internal.LockOnDemandCrossProcessCacheAccess] Acquiring file lock for journal cache (C:\Users\User\Desktop\Spring_Study\core\caches\journal-1)
2025-05-14T00:54:45.561+0900 [DEBUG] [org.gradle.cache.internal.DefaultFileLockManager] Waiting to acquire exclusive lock on journal cache (C:\Users\User\Desktop\Spring_Study\core\caches\journal-1).
2025-05-14T00:54:45.658+0900 [DEBUG] [org.gradle.cache.internal.DefaultFileLockManager] The file lock for journal cache (C:\Users\User\Desktop\Spring_Study\core\caches\journal-1) is held by a different Gradle process (pid: 23704, lockId: 8254880186451911809). Pinged owner at port 50336
2025-05-14T00:54:45.659+0900 [DEBUG] [org.gradle.cache.internal.locklistener.DefaultFileLockContentionHandler] Gradle process at port 50336 confirmed unlock request for lock with id 8254880186451911809.
2025-05-14T00:54:46.223+0900 [DEBUG] [org.gradle.process.internal.health.memory.DefaultMemoryManager] 838216499 physical memory requested, 623779840 free
2025-05-14T00:54:46.223+0900 [DEBUG] [org.gradle.process.internal.health.memory.DefaultMemoryManager] 838216499 physical memory requested, 0 released, 623779840 free
2025-05-14T00:54:46.285+0900 [DEBUG] [org.gradle.cache.internal.locklistener.DefaultFileLockContentionHandler] Gradle process at port 50336 confirmed lock release for lock with id 8254880186451911809.
2025-05-14T00:54:46.285+0900 [DEBUG] [org.gradle.cache.internal.locklistener.DefaultFileLockContentionHandler] Triggering lock release signal for lock with id 8254880186451911809.
2025-05-14T00:54:46.642+0900 [DEBUG] [org.gradle.cache.internal.DefaultFileLockManager] Lock acquired on journal cache (C:\Users\User\Desktop\Spring_Study\core\caches\journal-1).
2025-05-14T00:54:46.643+0900 [INFO] [org.gradle.cache.internal.InMemoryDecoratedCache] Invalidating in-memory cache of C:\Users\User\Desktop\Spring_Study\core\caches\journal-1\file-access.bin
2025-05-14T00:54:46.645+0900 [DEBUG] [org.gradle.cache.internal.btree.BTreePersistentIndexedCache] Opening cache file-access.bin (C:\Users\User\Desktop\Spring_Study\core\caches\journal-1\file-access.bin)
2025-05-14T00:54:47.413+0900 [DEBUG] [org.gradle.cache.internal.locklistener.DefaultFileLockCommunicator] Confirming unlock request to Gradle process at port 50336 for lock with id -1447193081359042941.
2025-05-14T00:54:47.413+0900 [DEBUG] [org.gradle.cache.internal.LockOnDemandCrossProcessCacheAccess] Lock on journal cache (C:\Users\User\Desktop\Spring_Study\core\caches\journal-1) requested by another process - lock is in use and will be released when operation completed.
2025-05-14T00:54:49.297+0900 [INFO] [org.gradle.cache.internal.AbstractCacheCleanup] artifact cache (C:\Users\User\Desktop\Spring_Study\core\caches\modules-2) [subdir: C:\Users\User\Desktop\Spring_Study\core\caches\modules-2\files-2.1] cleanup deleted 83 files/directories.
2025-05-14T00:54:49.355+0900 [INFO] [org.gradle.cache.internal.AbstractCacheCleanup] artifact cache (C:\Users\User\Desktop\Spring_Study\core\caches\modules-2) [subdir: C:\Users\User\Desktop\Spring_Study\core\caches\modules-2\metadata-2.107] cleanup deleted 0 files/directories.
2025-05-14T00:54:49.435+0900 [INFO] [org.gradle.cache.internal.AbstractCacheCleanup] artifact cache (C:\Users\User\Desktop\Spring_Study\core\caches\modules-2) cleanup deleted 0 files/directories.
2025-05-14T00:54:49.436+0900 [DEBUG] [org.gradle.internal.operations.DefaultBuildOperationRunner] Completing Build operation 'Clean up artifact cache (C:\Users\User\Desktop\Spring_Study\core\caches\modules-2)'
2025-05-14T00:54:49.437+0900 [DEBUG] [org.gradle.internal.operations.DefaultBuildOperationRunner] Build operation 'Clean up artifact cache (C:\Users\User\Desktop\Spring_Study\core\caches\modules-2)' completed
2025-05-14T00:54:49.459+0900 [INFO] [org.gradle.cache.internal.DefaultCacheCleanupExecutor] artifact cache (C:\Users\User\Desktop\Spring_Study\core\caches\modules-2) cleaned up in 25.032 secs.
2025-05-14T00:54:49.464+0900 [DEBUG] [org.gradle.cache.internal.DefaultCacheCleanupExecutor] groovy-dsl (C:\Users\User\Desktop\Spring_Study\core\caches\8.13\groovy-dsl) has last been fully cleaned up 145 hours ago
2025-05-14T00:54:49.465+0900 [DEBUG] [org.gradle.internal.operations.DefaultBuildOperationRunner] Build operation 'Clean up groovy-dsl (C:\Users\User\Desktop\Spring_Study\core\caches\8.13\groovy-dsl)' started
2025-05-14T00:54:49.466+0900 [INFO] [org.gradle.cache.internal.LeastRecentlyUsedCacheCleanup] groovy-dsl (C:\Users\User\Desktop\Spring_Study\core\caches\8.13\groovy-dsl) removing files not accessed on or after Wed May 07 00:54:49 KST 2025.
2025-05-14T00:54:49.706+0900 [DEBUG] [org.gradle.cache.internal.LockOnDemandCrossProcessCacheAccess] Releasing file lock for journal cache (C:\Users\User\Desktop\Spring_Study\core\caches\journal-1)
2025-05-14T00:54:49.706+0900 [DEBUG] [org.gradle.cache.internal.btree.BTreePersistentIndexedCache] Closing cache file-access.bin (C:\Users\User\Desktop\Spring_Study\core\caches\journal-1\file-access.bin)
2025-05-14T00:54:49.708+0900 [DEBUG] [org.gradle.cache.internal.DefaultFileLockManager] Releasing lock on journal cache (C:\Users\User\Desktop\Spring_Study\core\caches\journal-1).
2025-05-14T00:54:49.711+0900 [DEBUG] [org.gradle.cache.internal.locklistener.DefaultFileLockCommunicator] Confirming lock release to Gradle process at port 50336 for lock with id -1447193081359042941.
2025-05-14T00:54:49.865+0900 [DEBUG] [org.gradle.cache.internal.LockOnDemandCrossProcessCacheAccess] Acquiring file lock for journal cache (C:\Users\User\Desktop\Spring_Study\core\caches\journal-1)
2025-05-14T00:54:49.963+0900 [DEBUG] [org.gradle.cache.internal.DefaultFileLockManager] Waiting to acquire exclusive lock on journal cache (C:\Users\User\Desktop\Spring_Study\core\caches\journal-1).
2025-05-14T00:54:49.986+0900 [DEBUG] [org.gradle.cache.internal.locklistener.DefaultFileLockContentionHandler] Gradle process at port 50336 confirmed unlock request for lock with id 5251471623493753516.
2025-05-14T00:54:49.988+0900 [DEBUG] [org.gradle.cache.internal.DefaultFileLockManager] The file lock for journal cache (C:\Users\User\Desktop\Spring_Study\core\caches\journal-1) is held by a different Gradle process (pid: 23704, lockId: 5251471623493753516). Pinged owner at port 50336
2025-05-14T00:54:50.493+0900 [DEBUG] [org.gradle.cache.internal.locklistener.DefaultFileLockContentionHandler] Gradle process at port 50336 confirmed lock release for lock with id 5251471623493753516.
2025-05-14T00:54:50.494+0900 [DEBUG] [org.gradle.cache.internal.locklistener.DefaultFileLockContentionHandler] Triggering lock release signal for lock with id 5251471623493753516.
2025-05-14T00:54:50.575+0900 [DEBUG] [org.gradle.cache.internal.DefaultFileLockManager] Lock acquired on journal cache (C:\Users\User\Desktop\Spring_Study\core\caches\journal-1).
2025-05-14T00:54:50.578+0900 [INFO] [org.gradle.cache.internal.InMemoryDecoratedCache] Invalidating in-memory cache of C:\Users\User\Desktop\Spring_Study\core\caches\journal-1\file-access.bin
2025-05-14T00:54:50.587+0900 [DEBUG] [org.gradle.cache.internal.btree.BTreePersistentIndexedCache] Opening cache file-access.bin (C:\Users\User\Desktop\Spring_Study\core\caches\journal-1\file-access.bin)
2025-05-14T00:54:50.650+0900 [DEBUG] [org.gradle.cache.internal.locklistener.DefaultFileLockCommunicator] Confirming unlock request to Gradle process at port 50336 for lock with id -2769938197770874500.
2025-05-14T00:54:50.650+0900 [DEBUG] [org.gradle.cache.internal.LockOnDemandCrossProcessCacheAccess] Lock on journal cache (C:\Users\User\Desktop\Spring_Study\core\caches\journal-1) requested by another process - lock is in use and will be released when operation completed.
2025-05-14T00:54:51.099+0900 [DEBUG] [org.gradle.cache.internal.LockOnDemandCrossProcessCacheAccess] Releasing file lock for journal cache (C:\Users\User\Desktop\Spring_Study\core\caches\journal-1)
2025-05-14T00:54:51.102+0900 [DEBUG] [org.gradle.cache.internal.btree.BTreePersistentIndexedCache] Closing cache file-access.bin (C:\Users\User\Desktop\Spring_Study\core\caches\journal-1\file-access.bin)
2025-05-14T00:54:51.105+0900 [DEBUG] [org.gradle.cache.internal.DefaultFileLockManager] Releasing lock on journal cache (C:\Users\User\Desktop\Spring_Study\core\caches\journal-1).
2025-05-14T00:54:51.115+0900 [DEBUG] [org.gradle.cache.internal.locklistener.DefaultFileLockCommunicator] Confirming lock release to Gradle process at port 50336 for lock with id -2769938197770874500.
2025-05-14T00:54:51.165+0900 [DEBUG] [org.gradle.process.internal.health.memory.DefaultMemoryManager] 838216499 physical memory requested, 389898240 free
2025-05-14T00:54:51.167+0900 [DEBUG] [org.gradle.process.internal.health.memory.DefaultMemoryManager] 838216499 physical memory requested, 0 released, 389898240 free
2025-05-14T00:54:51.537+0900 [DEBUG] [org.gradle.cache.internal.LockOnDemandCrossProcessCacheAccess] Acquiring file lock for journal cache (C:\Users\User\Desktop\Spring_Study\core\caches\journal-1)
2025-05-14T00:54:51.545+0900 [DEBUG] [org.gradle.cache.internal.DefaultFileLockManager] Waiting to acquire exclusive lock on journal cache (C:\Users\User\Desktop\Spring_Study\core\caches\journal-1).
2025-05-14T00:54:51.548+0900 [DEBUG] [org.gradle.cache.internal.DefaultFileLockManager] The file lock for journal cache (C:\Users\User\Desktop\Spring_Study\core\caches\journal-1) is held by a different Gradle process (pid: 23704, lockId: 6765371054128272356). Pinged owner at port 50336
2025-05-14T00:54:51.549+0900 [DEBUG] [org.gradle.cache.internal.locklistener.DefaultFileLockContentionHandler] Gradle process at port 50336 confirmed unlock request for lock with id 6765371054128272356.
2025-05-14T00:54:52.687+0900 [DEBUG] [org.gradle.cache.internal.locklistener.DefaultFileLockContentionHandler] Gradle process at port 50336 confirmed lock release for lock with id 6765371054128272356.
2025-05-14T00:54:52.688+0900 [DEBUG] [org.gradle.cache.internal.locklistener.DefaultFileLockContentionHandler] Triggering lock release signal for lock with id 6765371054128272356.
2025-05-14T00:54:52.691+0900 [DEBUG] [org.gradle.cache.internal.DefaultFileLockManager] Lock acquired on journal cache (C:\Users\User\Desktop\Spring_Study\core\caches\journal-1).
2025-05-14T00:54:52.691+0900 [INFO] [org.gradle.cache.internal.InMemoryDecoratedCache] Invalidating in-memory cache of C:\Users\User\Desktop\Spring_Study\core\caches\journal-1\file-access.bin
2025-05-14T00:54:52.693+0900 [DEBUG] [org.gradle.cache.internal.btree.BTreePersistentIndexedCache] Opening cache file-access.bin (C:\Users\User\Desktop\Spring_Study\core\caches\journal-1\file-access.bin)
2025-05-14T00:54:52.711+0900 [INFO] [org.gradle.cache.internal.AbstractCacheCleanup] groovy-dsl (C:\Users\User\Desktop\Spring_Study\core\caches\8.13\groovy-dsl) cleanup deleted 2 files/directories.
2025-05-14T00:54:52.711+0900 [DEBUG] [org.gradle.internal.operations.DefaultBuildOperationRunner] Completing Build operation 'Clean up groovy-dsl (C:\Users\User\Desktop\Spring_Study\core\caches\8.13\groovy-dsl)'
2025-05-14T00:54:52.712+0900 [DEBUG] [org.gradle.internal.operations.DefaultBuildOperationRunner] Build operation 'Clean up groovy-dsl (C:\Users\User\Desktop\Spring_Study\core\caches\8.13\groovy-dsl)' completed
2025-05-14T00:54:52.714+0900 [INFO] [org.gradle.cache.internal.DefaultCacheCleanupExecutor] groovy-dsl (C:\Users\User\Desktop\Spring_Study\core\caches\8.13\groovy-dsl) cleaned up in 3.25 secs.
2025-05-14T00:54:52.715+0900 [DEBUG] [org.gradle.cache.internal.DefaultCacheCoordinator] Cache groovy-dsl (C:\Users\User\Desktop\Spring_Study\core\caches\8.13\groovy-dsl) was closed 0 times.
2025-05-14T00:54:52.718+0900 [DEBUG] [org.gradle.cache.internal.DefaultCacheCleanupExecutor] Artifact transforms cache (C:\Users\User\Desktop\Spring_Study\core\caches\8.13\transforms) has last been fully cleaned up 145 hours ago
2025-05-14T00:54:52.718+0900 [DEBUG] [org.gradle.internal.operations.DefaultBuildOperationRunner] Build operation 'Clean up Artifact transforms cache (C:\Users\User\Desktop\Spring_Study\core\caches\8.13\transforms)' started
2025-05-14T00:54:52.719+0900 [INFO] [org.gradle.cache.internal.LeastRecentlyUsedCacheCleanup] Artifact transforms cache (C:\Users\User\Desktop\Spring_Study\core\caches\8.13\transforms) removing files not accessed on or after Wed May 07 00:54:52 KST 2025.
2025-05-14T00:54:53.261+0900 [INFO] [org.gradle.cache.internal.AbstractCacheCleanup] Artifact transforms cache (C:\Users\User\Desktop\Spring_Study\core\caches\8.13\transforms) cleanup deleted 0 files/directories.
2025-05-14T00:54:53.261+0900 [DEBUG] [org.gradle.internal.operations.DefaultBuildOperationRunner] Completing Build operation 'Clean up Artifact transforms cache (C:\Users\User\Desktop\Spring_Study\core\caches\8.13\transforms)'
2025-05-14T00:54:53.262+0900 [DEBUG] [org.gradle.internal.operations.DefaultBuildOperationRunner] Build operation 'Clean up Artifact transforms cache (C:\Users\User\Desktop\Spring_Study\core\caches\8.13\transforms)' completed
2025-05-14T00:54:53.283+0900 [INFO] [org.gradle.cache.internal.DefaultCacheCleanupExecutor] Artifact transforms cache (C:\Users\User\Desktop\Spring_Study\core\caches\8.13\transforms) cleaned up in 0.564 secs.
2025-05-14T00:54:53.284+0900 [DEBUG] [org.gradle.cache.internal.DefaultCacheCoordinator] Cache Artifact transforms cache (C:\Users\User\Desktop\Spring_Study\core\caches\8.13\transforms) was closed 0 times.
2025-05-14T00:54:53.583+0900 [DEBUG] [org.gradle.cache.internal.LockOnDemandCrossProcessCacheAccess] Releasing file lock for journal cache (C:\Users\User\Desktop\Spring_Study\core\caches\journal-1)
2025-05-14T00:54:53.584+0900 [DEBUG] [org.gradle.cache.internal.btree.BTreePersistentIndexedCache] Closing cache file-access.bin (C:\Users\User\Desktop\Spring_Study\core\caches\journal-1\file-access.bin)
2025-05-14T00:54:53.589+0900 [DEBUG] [org.gradle.cache.internal.DefaultFileLockManager] Releasing lock on journal cache (C:\Users\User\Desktop\Spring_Study\core\caches\journal-1).
2025-05-14T00:54:53.599+0900 [DEBUG] [org.gradle.cache.internal.DefaultCacheCoordinator] Cache journal cache (C:\Users\User\Desktop\Spring_Study\core\caches\journal-1) was closed 7 times.
2025-05-14T00:54:53.688+0900 [DEBUG] [org.gradle.internal.operations.DefaultBuildOperationRunner] Build operation 'Deleting unused version-specific caches in C:\Users\User\Desktop\Spring_Study\core\caches' started
2025-05-14T00:54:53.757+0900 [DEBUG] [org.gradle.cache.internal.VersionSpecificCacheCleanupAction] Processed version-specific caches at C:\Users\User\Desktop\Spring_Study\core\caches for cleanup in 0.066 secs
2025-05-14T00:54:53.758+0900 [DEBUG] [org.gradle.internal.operations.DefaultBuildOperationRunner] Completing Build operation 'Deleting unused version-specific caches in C:\Users\User\Desktop\Spring_Study\core\caches'
2025-05-14T00:54:53.758+0900 [DEBUG] [org.gradle.internal.operations.DefaultBuildOperationRunner] Build operation 'Deleting unused version-specific caches in C:\Users\User\Desktop\Spring_Study\core\caches' completed
2025-05-14T00:54:53.781+0900 [DEBUG] [org.gradle.internal.operations.DefaultBuildOperationRunner] Build operation 'Deleting unused Gradle distributions in C:\Users\User\Desktop\Spring_Study\core\wrapper\dists' started
2025-05-14T00:54:55.864+0900 [DEBUG] [org.gradle.internal.operations.DefaultBuildOperationRunner] Completing Build operation 'Deleting unused Gradle distributions in C:\Users\User\Desktop\Spring_Study\core\wrapper\dists'
2025-05-14T00:54:55.865+0900 [DEBUG] [org.gradle.internal.operations.DefaultBuildOperationRunner] Build operation 'Deleting unused Gradle distributions in C:\Users\User\Desktop\Spring_Study\core\wrapper\dists' completed
2025-05-14T00:54:55.927+0900 [DEBUG] [org.gradle.launcher.daemon.server.Daemon] stop() called on daemon
2025-05-14T00:54:55.928+0900 [INFO] [org.gradle.launcher.daemon.server.Daemon] Stop requested. Daemon is removing its presence from the registry...
2025-05-14T00:54:55.929+0900 [DEBUG] [org.gradle.launcher.daemon.server.DaemonRegistryUpdater] Removing our presence to clients, eg. removing this address from the registry: [24571ed9-1eba-4b4c-9b9f-674b298b07e0 port:50999, addresses:[localhost/127.0.0.1]]
2025-05-14T00:54:55.929+0900 [DEBUG] [org.gradle.launcher.daemon.registry.PersistentDaemonRegistry] Removing daemon address: [24571ed9-1eba-4b4c-9b9f-674b298b07e0 port:50999, addresses:[localhost/127.0.0.1]]
2025-05-14T00:54:55.941+0900 [DEBUG] [org.gradle.cache.internal.DefaultFileLockManager] Waiting to acquire exclusive lock on daemon addresses registry.
2025-05-14T00:54:55.947+0900 [DEBUG] [org.gradle.cache.internal.DefaultFileLockManager] Lock acquired on daemon addresses registry.
2025-05-14T00:54:56.059+0900 [DEBUG] [org.gradle.cache.internal.DefaultFileLockManager] Releasing lock on daemon addresses registry.
2025-05-14T00:54:56.061+0900 [DEBUG] [org.gradle.launcher.daemon.server.DaemonRegistryUpdater] Address removed from registry.
2025-05-14T00:54:56.087+0900 [DEBUG] [org.gradle.cache.internal.locklistener.DefaultFileLockContentionHandler] File lock listener thread completed.
2025-05-14T00:54:56.131+0900 [DEBUG] [org.gradle.launcher.daemon.registry.PersistentDaemonRegistry] Removing daemon address: [24571ed9-1eba-4b4c-9b9f-674b298b07e0 port:50999, addresses:[localhost/127.0.0.1]]
2025-05-14T00:54:56.156+0900 [DEBUG] [org.gradle.launcher.daemon.server.Daemon] VM shutdown hook was unable to remove the daemon address from the registry. It will be cleaned up later.
java.lang.IllegalStateException: Cannot start managing file contention because this handler has been closed.
	at org.gradle.cache.internal.locklistener.DefaultFileLockContentionHandler.assertNotStopped(DefaultFileLockContentionHandler.java:248)
	at org.gradle.cache.internal.locklistener.DefaultFileLockContentionHandler.reservePort(DefaultFileLockContentionHandler.java:286)
	at org.gradle.cache.internal.DefaultFileLockManager.lock(DefaultFileLockManager.java:124)
	at org.gradle.cache.internal.DefaultFileLockManager.lock(DefaultFileLockManager.java:106)
	at org.gradle.cache.internal.DefaultFileLockManager.lock(DefaultFileLockManager.java:101)
	at org.gradle.cache.internal.OnDemandFileAccess.updateFile(OnDemandFileAccess.java:51)
	at org.gradle.cache.internal.FileBackedObjectHolder.update(FileBackedObjectHolder.java:77)
	at org.gradle.cache.internal.FileIntegrityViolationSuppressingObjectHolderDecorator.lambda$update$0(FileIntegrityViolationSuppressingObjectHolderDecorator.java:48)
	at org.gradle.cache.internal.FileIntegrityViolationSuppressingObjectHolderDecorator.doUpdate(FileIntegrityViolationSuppressingObjectHolderDecorator.java:58)
	at org.gradle.cache.internal.FileIntegrityViolationSuppressingObjectHolderDecorator.update(FileIntegrityViolationSuppressingObjectHolderDecorator.java:48)
	at org.gradle.launcher.daemon.registry.PersistentDaemonRegistry.remove(PersistentDaemonRegistry.java:133)
	at org.gradle.launcher.daemon.server.Daemon$1.run(Daemon.java:133)
	at java.base/java.lang.Thread.run(Thread.java:833)
Daemon vm is shutting down... The daemon has exited normally or was terminated in response to a user interrupt.
